TN:
SF:/home/acer/Documents/dash.js-master/src/streaming/StreamProcessor.js
FN:38,_interopRequireDefault
FN:124,StreamProcessor
FN:160,setup
FN:175,initialize
FN:248,resetInitialSettings
FN:254,reset
FN:298,isUpdating
FN:302,onDataUpdateCompleted
FN:318,onQualityChanged
FN:326,onBufferLevelUpdated
FN:337,onBufferLevelStateChanged
FN:347,onBufferCleared
FN:360,addDVRMetric
FN:367,getType
FN:371,getRepresentationController
FN:375,getBuffer
FN:379,setBuffer
FN:383,getBufferController
FN:387,getFragmentModel
FN:391,updateStreamInfo
FN:398,getStreamInfo
FN:402,selectMediaInfo
FN:438,addMediaInfo
FN:448,getMediaInfoArr
FN:452,getMediaInfo
FN:456,getMediaSource
FN:460,setMediaSource
FN:464,dischargePreBuffer
FN:468,getScheduleController
FN:477,getRepresentationInfo
FN:490,isBufferingCompleted
FN:494,getBufferLevel
FN:498,onInitFragmentNeeded
FN:512,onMediaFragmentNeeded
FN:536,findNextRequest
FN:588,onMediaFragmentLoaded
FN:612,handleInbandEvents
FN:637,createBuffer
FN:641,switchTrackAsked
FN:645,createBufferControllerForType
FN:691,getLiveStartTime
FN:718,findRequestForLiveEdge
FN:753,onSeekTarget
FN:760,setBufferingTime
FN:764,resetIndexHandler
FN:770,getInitRequest
FN:776,getFragmentRequest
FN:794,finalisePlayList
FNF:48
FNH:22
FNDA:20,_interopRequireDefault
FNDA:12,StreamProcessor
FNDA:12,setup
FNDA:7,initialize
FNDA:22,resetInitialSettings
FNDA:10,reset
FNDA:15,isUpdating
FNDA:15,onDataUpdateCompleted
FNDA:0,onQualityChanged
FNDA:3,onBufferLevelUpdated
FNDA:0,onBufferLevelStateChanged
FNDA:0,onBufferCleared
FNDA:1,addDVRMetric
FNDA:16,getType
FNDA:0,getRepresentationController
FNDA:5,getBuffer
FNDA:0,setBuffer
FNDA:0,getBufferController
FNDA:5,getFragmentModel
FNDA:0,updateStreamInfo
FNDA:0,getStreamInfo
FNDA:5,selectMediaInfo
FNDA:5,addMediaInfo
FNDA:0,getMediaInfoArr
FNDA:0,getMediaInfo
FNDA:0,getMediaSource
FNDA:0,setMediaSource
FNDA:0,dischargePreBuffer
FNDA:5,getScheduleController
FNDA:1,getRepresentationInfo
FNDA:0,isBufferingCompleted
FNDA:0,getBufferLevel
FNDA:0,onInitFragmentNeeded
FNDA:0,onMediaFragmentNeeded
FNDA:0,findNextRequest
FNDA:0,onMediaFragmentLoaded
FNDA:0,handleInbandEvents
FNDA:5,createBuffer
FNDA:0,switchTrackAsked
FNDA:7,createBufferControllerForType
FNDA:0,getLiveStartTime
FNDA:0,findRequestForLiveEdge
FNDA:0,onSeekTarget
FNDA:1,setBufferingTime
FNDA:0,resetIndexHandler
FNDA:2,getInitRequest
FNDA:1,getFragmentRequest
FNDA:0,finalisePlayList
DA:33,1
DA:38,20
DA:40,1
DA:42,1
DA:44,1
DA:46,1
DA:48,1
DA:50,1
DA:52,1
DA:54,1
DA:56,1
DA:58,1
DA:60,1
DA:62,1
DA:64,1
DA:66,1
DA:68,1
DA:70,1
DA:72,1
DA:74,1
DA:76,1
DA:78,1
DA:80,1
DA:82,1
DA:84,1
DA:86,1
DA:88,1
DA:90,1
DA:92,1
DA:94,1
DA:96,1
DA:98,1
DA:100,1
DA:102,1
DA:104,1
DA:106,1
DA:108,1
DA:110,1
DA:112,1
DA:114,1
DA:116,1
DA:118,1
DA:120,1
DA:122,1
DA:124,1
DA:126,12
DA:127,12
DA:128,12
DA:130,12
DA:131,12
DA:132,12
DA:133,12
DA:134,12
DA:135,12
DA:136,12
DA:137,12
DA:138,12
DA:139,12
DA:140,12
DA:141,12
DA:142,12
DA:143,12
DA:144,12
DA:145,12
DA:147,12
DA:160,1
DA:161,12
DA:162,12
DA:164,12
DA:165,12
DA:166,12
DA:167,12
DA:168,12
DA:169,12
DA:170,12
DA:171,12
DA:172,12
DA:175,1
DA:176,7
DA:197,7
DA:198,7
DA:199,2
DA:205,7
DA:206,7
DA:208,7
DA:221,7
DA:222,7
DA:223,2
DA:226,7
DA:242,7
DA:244,7
DA:245,7
DA:248,1
DA:249,22
DA:250,22
DA:251,22
DA:254,1
DA:255,10
DA:256,5
DA:259,10
DA:260,0
DA:261,0
DA:264,10
DA:265,5
DA:266,5
DA:269,10
DA:270,5
DA:271,5
DA:274,10
DA:275,0
DA:276,0
DA:279,10
DA:280,5
DA:283,10
DA:284,10
DA:285,10
DA:286,10
DA:287,10
DA:288,10
DA:289,10
DA:290,10
DA:291,10
DA:293,10
DA:294,10
DA:295,10
DA:298,1
DA:299,15
DA:302,1
DA:303,15
DA:305,15
DA:307,15
DA:309,15
DA:311,15
DA:312,15
DA:313,0
DA:318,1
DA:319,0
DA:320,0
DA:321,0
DA:322,0
DA:323,0
DA:326,1
DA:327,3
DA:329,3
DA:331,3
DA:332,3
DA:333,1
DA:337,1
DA:338,0
DA:340,0
DA:341,0
DA:343,0
DA:347,1
DA:348,0
DA:351,0
DA:354,0
DA:355,0
DA:356,0
DA:360,1
DA:361,1
DA:362,1
DA:363,1
DA:364,1
DA:367,1
DA:368,16
DA:371,1
DA:372,0
DA:375,1
DA:376,5
DA:379,1
DA:380,0
DA:383,1
DA:384,0
DA:387,1
DA:388,5
DA:391,1
DA:392,0
DA:393,0
DA:394,0
DA:398,1
DA:399,0
DA:402,1
DA:403,5
DA:404,5
DA:407,5
DA:408,5
DA:410,5
DA:411,5
DA:412,5
DA:413,5
DA:415,5
DA:417,5
DA:419,5
DA:420,5
DA:421,5
DA:422,5
DA:424,0
DA:427,5
DA:428,0
DA:430,5
DA:431,0
DA:433,5
DA:434,5
DA:438,1
DA:439,5
DA:440,5
DA:443,5
DA:444,5
DA:448,1
DA:449,0
DA:452,1
DA:453,0
DA:456,1
DA:457,0
DA:460,1
DA:461,0
DA:464,1
DA:465,0
DA:468,1
DA:469,5
DA:477,1
DA:478,1
DA:480,1
DA:481,1
DA:482,0
DA:484,0
DA:487,0
DA:490,1
DA:491,0
DA:494,1
DA:495,0
DA:498,1
DA:499,0
DA:501,0
DA:503,0
DA:504,0
DA:506,0
DA:507,0
DA:512,1
DA:513,0
DA:514,0
DA:516,0
DA:519,0
DA:520,0
DA:521,0
DA:522,0
DA:523,0
DA:524,0
DA:525,0
DA:527,0
DA:528,0
DA:533,0
DA:536,1
DA:537,0
DA:538,0
DA:539,0
DA:540,0
DA:541,0
DA:542,0
DA:544,0
DA:545,0
DA:550,0
DA:551,0
DA:552,0
DA:553,0
DA:554,0
DA:555,0
DA:556,0
DA:557,0
DA:558,0
DA:564,0
DA:565,0
DA:566,0
DA:572,0
DA:573,0
DA:576,0
DA:579,0
DA:581,0
DA:585,0
DA:588,1
DA:589,0
DA:590,0
DA:592,0
DA:593,0
DA:594,0
DA:596,0
DA:597,0
DA:598,0
DA:600,0
DA:601,0
DA:607,0
DA:608,0
DA:612,1
DA:613,0
DA:614,0
DA:615,0
DA:618,0
DA:619,0
DA:620,0
DA:623,0
DA:624,0
DA:626,0
DA:627,0
DA:629,0
DA:630,0
DA:634,0
DA:637,1
DA:638,5
DA:641,1
DA:642,0
DA:645,1
DA:646,7
DA:648,7
DA:649,5
DA:650,5
DA:653,2
DA:654,2
DA:670,0
DA:688,2
DA:691,1
DA:692,0
DA:693,0
DA:695,0
DA:696,0
DA:697,0
DA:699,0
DA:700,0
DA:703,0
DA:705,0
DA:708,0
DA:709,0
DA:711,0
DA:715,0
DA:718,1
DA:719,0
DA:720,0
DA:721,0
DA:722,0
DA:723,0
DA:724,0
DA:727,0
DA:732,0
DA:733,0
DA:734,0
DA:737,0
DA:738,0
DA:743,0
DA:744,0
DA:746,0
DA:747,0
DA:749,0
DA:753,1
DA:754,0
DA:756,0
DA:757,0
DA:760,1
DA:761,1
DA:764,1
DA:765,0
DA:766,0
DA:770,1
DA:771,2
DA:772,1
DA:773,1
DA:776,1
DA:777,1
DA:779,1
DA:780,0
DA:784,0
DA:785,0
DA:787,0
DA:791,1
DA:794,1
DA:795,0
DA:798,12
DA:831,12
DA:833,12
DA:836,1
DA:837,1
DA:838,1
LF:380
LH:229
BRDA:38,1,0,0
BRDA:38,1,1,20
BRDA:38,2,0,20
BRDA:38,2,1,20
BRDA:126,3,0,12
BRDA:126,3,1,0
BRDA:198,4,0,2
BRDA:198,4,1,5
BRDA:222,5,0,2
BRDA:222,5,1,5
BRDA:255,6,0,5
BRDA:255,6,1,5
BRDA:259,7,0,0
BRDA:259,7,1,10
BRDA:264,8,0,5
BRDA:264,8,1,5
BRDA:269,9,0,5
BRDA:269,9,1,5
BRDA:274,10,0,0
BRDA:274,10,1,10
BRDA:279,11,0,5
BRDA:279,11,1,5
BRDA:299,12,0,15
BRDA:299,12,1,0
BRDA:303,13,0,0
BRDA:303,13,1,15
BRDA:303,14,0,15
BRDA:303,14,1,15
BRDA:305,15,0,15
BRDA:305,15,1,0
BRDA:309,16,0,15
BRDA:309,16,1,0
BRDA:309,17,0,15
BRDA:309,17,1,0
BRDA:312,18,0,0
BRDA:312,18,1,15
BRDA:319,19,0,0
BRDA:319,19,1,0
BRDA:319,20,0,0
BRDA:319,20,1,0
BRDA:327,21,0,0
BRDA:327,21,1,3
BRDA:327,22,0,3
BRDA:327,22,1,3
BRDA:332,23,0,1
BRDA:332,23,1,2
BRDA:332,24,0,3
BRDA:332,24,1,3
BRDA:338,25,0,0
BRDA:338,25,1,0
BRDA:338,26,0,0
BRDA:338,26,1,0
BRDA:341,27,0,0
BRDA:341,27,1,0
BRDA:341,28,0,0
BRDA:341,28,1,0
BRDA:348,29,0,0
BRDA:348,29,1,0
BRDA:348,30,0,0
BRDA:348,30,1,0
BRDA:354,31,0,0
BRDA:354,31,1,0
BRDA:376,32,0,0
BRDA:376,32,1,5
BRDA:393,33,0,0
BRDA:393,33,1,0
BRDA:403,34,0,5
BRDA:403,34,1,0
BRDA:403,35,0,5
BRDA:403,35,1,5
BRDA:403,35,2,0
BRDA:403,35,3,0
BRDA:410,36,0,5
BRDA:410,36,1,0
BRDA:419,37,0,5
BRDA:419,37,1,0
BRDA:419,38,0,5
BRDA:419,38,1,0
BRDA:419,38,2,5
BRDA:421,39,0,5
BRDA:421,39,1,5
BRDA:427,40,0,0
BRDA:427,40,1,5
BRDA:427,41,0,5
BRDA:427,41,1,0
BRDA:430,42,0,0
BRDA:430,42,1,5
BRDA:433,43,0,0
BRDA:433,43,1,5
BRDA:439,44,0,5
BRDA:439,44,1,0
BRDA:443,45,0,5
BRDA:443,45,1,0
BRDA:480,46,0,1
BRDA:480,46,1,0
BRDA:482,47,0,0
BRDA:482,47,1,0
BRDA:484,48,0,0
BRDA:484,48,1,0
BRDA:491,49,0,0
BRDA:491,49,1,0
BRDA:495,50,0,0
BRDA:495,50,1,0
BRDA:499,51,0,0
BRDA:499,51,1,0
BRDA:499,52,0,0
BRDA:499,52,1,0
BRDA:499,52,2,0
BRDA:501,53,0,0
BRDA:501,53,1,0
BRDA:501,54,0,0
BRDA:501,54,1,0
BRDA:503,55,0,0
BRDA:503,55,1,0
BRDA:503,56,0,0
BRDA:503,56,1,0
BRDA:504,57,0,0
BRDA:504,57,1,0
BRDA:506,58,0,0
BRDA:506,58,1,0
BRDA:513,59,0,0
BRDA:513,59,1,0
BRDA:513,60,0,0
BRDA:513,60,1,0
BRDA:513,60,2,0
BRDA:519,61,0,0
BRDA:519,61,1,0
BRDA:521,62,0,0
BRDA:521,62,1,0
BRDA:523,63,0,0
BRDA:523,63,1,0
BRDA:524,64,0,0
BRDA:524,64,1,0
BRDA:540,65,0,0
BRDA:540,65,1,0
BRDA:544,66,0,0
BRDA:544,66,1,0
BRDA:544,67,0,0
BRDA:544,67,1,0
BRDA:544,67,2,0
BRDA:550,68,0,0
BRDA:550,68,1,0
BRDA:553,69,0,0
BRDA:553,69,1,0
BRDA:553,70,0,0
BRDA:553,70,1,0
BRDA:553,70,2,0
BRDA:554,71,0,0
BRDA:554,71,1,0
BRDA:554,72,0,0
BRDA:554,72,1,0
BRDA:554,72,2,0
BRDA:554,72,3,0
BRDA:556,73,0,0
BRDA:556,73,1,0
BRDA:556,74,0,0
BRDA:556,74,1,0
BRDA:564,75,0,0
BRDA:564,75,1,0
BRDA:572,76,0,0
BRDA:572,76,1,0
BRDA:572,76,2,0
BRDA:573,77,0,0
BRDA:573,77,1,0
BRDA:579,78,0,0
BRDA:579,78,1,0
BRDA:579,78,2,0
BRDA:590,79,0,0
BRDA:590,79,1,0
BRDA:590,80,0,0
BRDA:590,80,1,0
BRDA:596,81,0,0
BRDA:596,81,1,0
BRDA:596,82,0,0
BRDA:596,82,1,0
BRDA:600,83,0,0
BRDA:600,83,1,0
BRDA:600,84,0,0
BRDA:600,84,1,0
BRDA:600,84,2,0
BRDA:600,84,3,0
BRDA:613,85,0,0
BRDA:613,85,1,0
BRDA:613,86,0,0
BRDA:613,86,1,0
BRDA:629,87,0,0
BRDA:629,87,1,0
BRDA:638,88,0,0
BRDA:638,88,1,5
BRDA:638,89,0,5
BRDA:638,89,1,5
BRDA:648,90,0,5
BRDA:648,90,1,2
BRDA:653,91,0,2
BRDA:653,91,1,0
BRDA:653,92,0,2
BRDA:653,92,1,0
BRDA:692,93,0,0
BRDA:692,93,1,0
BRDA:693,94,0,0
BRDA:693,94,1,0
BRDA:699,95,0,0
BRDA:699,95,1,0
BRDA:705,96,0,0
BRDA:705,96,1,0
BRDA:708,97,0,0
BRDA:708,97,1,0
BRDA:709,98,0,0
BRDA:709,98,1,0
BRDA:722,99,0,0
BRDA:722,99,1,0
BRDA:727,100,0,0
BRDA:727,100,1,0
BRDA:727,101,0,0
BRDA:727,101,1,0
BRDA:732,102,0,0
BRDA:732,102,1,0
BRDA:737,103,0,0
BRDA:737,103,1,0
BRDA:743,104,0,0
BRDA:743,104,1,0
BRDA:754,105,0,0
BRDA:754,105,1,0
BRDA:754,106,0,0
BRDA:754,106,1,0
BRDA:754,106,2,0
BRDA:765,107,0,0
BRDA:765,107,1,0
BRDA:772,108,0,0
BRDA:772,108,1,1
BRDA:773,109,0,0
BRDA:773,109,1,1
BRDA:779,110,0,0
BRDA:779,110,1,1
BRDA:780,111,0,0
BRDA:780,111,1,0
BRDA:780,112,0,0
BRDA:780,112,1,0
BRDA:784,113,0,0
BRDA:784,113,1,0
BRDA:784,114,0,0
BRDA:784,114,1,0
BRF:242
BRH:61
end_of_record
TN:
SF:/home/acer/Documents/dash.js-master/src/streaming/constants/Constants.js
FN:45,(anonymous_1)
FN:45,defineProperties
FN:45,(anonymous_3)
FN:49,_classCallCheck
FN:51,(anonymous_5)
FN:54,init
FN:203,Constants
FNF:7
FNH:7
FNDA:1,(anonymous_1)
FNDA:1,defineProperties
FNDA:1,(anonymous_3)
FNDA:1,_classCallCheck
FNDA:1,(anonymous_5)
FNDA:1,init
FNDA:1,Constants
DA:40,1
DA:45,1
DA:49,1
DA:51,1
DA:52,1
DA:60,1
DA:67,1
DA:74,1
DA:81,1
DA:88,1
DA:95,1
DA:102,1
DA:109,1
DA:116,1
DA:123,1
DA:130,1
DA:137,1
DA:144,1
DA:151,1
DA:158,1
DA:165,1
DA:172,1
DA:179,1
DA:186,1
DA:187,1
DA:188,1
DA:189,1
DA:190,1
DA:191,1
DA:192,1
DA:193,1
DA:194,1
DA:195,1
DA:196,1
DA:197,1
DA:198,1
DA:199,1
DA:203,1
DA:204,1
DA:206,1
DA:209,1
DA:212,1
DA:213,1
DA:214,1
LF:44
LH:44
BRDA:45,1,0,1
BRDA:45,1,1,1
BRDA:45,2,0,1
BRDA:45,2,1,0
BRDA:45,3,0,1
BRDA:45,3,1,0
BRDA:45,4,0,0
BRDA:45,4,1,1
BRDA:49,5,0,0
BRDA:49,5,1,1
BRF:10
BRH:10
end_of_record
TN:
SF:/home/acer/Documents/dash.js-master/src/dash/constants/DashConstants.js
FN:44,(anonymous_1)
FN:44,defineProperties
FN:44,(anonymous_3)
FN:48,_classCallCheck
FN:50,(anonymous_5)
FN:53,init
FN:151,DashConstants
FNF:7
FNH:7
FNDA:1,(anonymous_1)
FNDA:1,defineProperties
FNDA:1,(anonymous_3)
FNDA:1,_classCallCheck
FNDA:1,(anonymous_5)
FNDA:1,init
FNDA:1,DashConstants
DA:39,1
DA:44,1
DA:48,1
DA:50,1
DA:51,1
DA:54,1
DA:55,1
DA:56,1
DA:57,1
DA:58,1
DA:59,1
DA:60,1
DA:61,1
DA:62,1
DA:63,1
DA:64,1
DA:65,1
DA:66,1
DA:67,1
DA:68,1
DA:69,1
DA:70,1
DA:71,1
DA:72,1
DA:73,1
DA:74,1
DA:75,1
DA:76,1
DA:77,1
DA:78,1
DA:79,1
DA:80,1
DA:81,1
DA:82,1
DA:83,1
DA:84,1
DA:85,1
DA:86,1
DA:87,1
DA:88,1
DA:89,1
DA:90,1
DA:91,1
DA:92,1
DA:93,1
DA:94,1
DA:95,1
DA:96,1
DA:97,1
DA:98,1
DA:99,1
DA:100,1
DA:101,1
DA:102,1
DA:103,1
DA:104,1
DA:105,1
DA:106,1
DA:107,1
DA:108,1
DA:109,1
DA:110,1
DA:111,1
DA:112,1
DA:113,1
DA:114,1
DA:115,1
DA:116,1
DA:117,1
DA:118,1
DA:119,1
DA:120,1
DA:121,1
DA:122,1
DA:123,1
DA:124,1
DA:125,1
DA:126,1
DA:127,1
DA:128,1
DA:129,1
DA:130,1
DA:131,1
DA:132,1
DA:133,1
DA:134,1
DA:135,1
DA:136,1
DA:137,1
DA:138,1
DA:139,1
DA:140,1
DA:141,1
DA:142,1
DA:143,1
DA:144,1
DA:145,1
DA:146,1
DA:147,1
DA:151,1
DA:152,1
DA:154,1
DA:157,1
DA:160,1
DA:161,1
DA:162,1
LF:106
LH:106
BRDA:44,1,0,1
BRDA:44,1,1,1
BRDA:44,2,0,1
BRDA:44,2,1,0
BRDA:44,3,0,1
BRDA:44,3,1,0
BRDA:44,4,0,0
BRDA:44,4,1,1
BRDA:48,5,0,0
BRDA:48,5,1,1
BRF:10
BRH:10
end_of_record
TN:
SF:/home/acer/Documents/dash.js-master/src/streaming/constants/MetricsConstants.js
FN:44,(anonymous_1)
FN:44,defineProperties
FN:44,(anonymous_3)
FN:48,_classCallCheck
FN:50,(anonymous_5)
FN:53,init
FN:75,MetricsConstants
FNF:7
FNH:7
FNDA:1,(anonymous_1)
FNDA:1,defineProperties
FNDA:1,(anonymous_3)
FNDA:1,_classCallCheck
FNDA:1,(anonymous_5)
FNDA:1,init
FNDA:1,MetricsConstants
DA:39,1
DA:44,1
DA:48,1
DA:50,1
DA:51,1
DA:54,1
DA:55,1
DA:56,1
DA:57,1
DA:58,1
DA:59,1
DA:60,1
DA:61,1
DA:62,1
DA:63,1
DA:64,1
DA:65,1
DA:66,1
DA:67,1
DA:68,1
DA:69,1
DA:70,1
DA:71,1
DA:75,1
DA:76,1
DA:78,1
DA:81,1
DA:84,1
DA:85,1
DA:86,1
LF:30
LH:30
BRDA:44,1,0,1
BRDA:44,1,1,1
BRDA:44,2,0,1
BRDA:44,2,1,0
BRDA:44,3,0,1
BRDA:44,3,1,0
BRDA:44,4,0,0
BRDA:44,4,1,1
BRDA:48,5,0,0
BRDA:48,5,1,1
BRF:10
BRH:10
end_of_record
TN:
SF:/home/acer/Documents/dash.js-master/src/streaming/models/FragmentModel.js
FN:39,_interopRequireDefault
FN:54,FragmentModel
FN:69,setup
FN:77,isFragmentLoaded
FN:78,isEqualComplete
FN:82,isEqualMedia
FN:86,isEqualInit
FN:90,check
FN:93,(anonymous_9)
FN:109,isFragmentLoadedOrPending
FN:143,getRequests
FN:147,(anonymous_12)
FN:155,getRequestThreshold
FN:159,removeExecutedRequestsBeforeTime
FN:160,(anonymous_15)
FN:166,removeExecutedRequestsAfterTime
FN:167,(anonymous_17)
FN:172,removeExecutedRequestsInTimeRange
FN:177,(anonymous_19)
FN:184,syncExecutedRequestsWithBufferedRange
FN:200,abortRequests
FN:206,executeRequest
FN:226,loadCurrentFragment
FN:234,getRequestForTime
FN:249,filterRequests
FN:255,(anonymous_26)
FN:265,getRequestsForState
FN:280,addSchedulingInfoMetrics
FN:285,onLoadingCompleted
FN:304,onLoadingInProgress
FN:315,onLoadingAborted
FN:321,resetInitialSettings
FN:326,reset
FN:337,addExecutedRequest
FNF:34
FNH:20
FNDA:2,_interopRequireDefault
FNDA:10,FragmentModel
FNDA:10,setup
FNDA:2,isFragmentLoaded
FNDA:0,isEqualComplete
FNDA:0,isEqualMedia
FNDA:0,isEqualInit
FNDA:0,check
FNDA:0,(anonymous_9)
FNDA:0,isFragmentLoadedOrPending
FNDA:18,getRequests
FNDA:17,(anonymous_12)
FNDA:4,getRequestThreshold
FNDA:7,removeExecutedRequestsBeforeTime
FNDA:4,(anonymous_15)
FNDA:0,removeExecutedRequestsAfterTime
FNDA:0,(anonymous_17)
FNDA:0,removeExecutedRequestsInTimeRange
FNDA:0,(anonymous_19)
FNDA:1,syncExecutedRequestsWithBufferedRange
FNDA:1,abortRequests
FNDA:12,executeRequest
FNDA:6,loadCurrentFragment
FNDA:5,getRequestForTime
FNDA:17,filterRequests
FNDA:9,(anonymous_26)
FNDA:17,getRequestsForState
FNDA:12,addSchedulingInfoMetrics
FNDA:0,onLoadingCompleted
FNDA:0,onLoadingInProgress
FNDA:0,onLoadingAborted
FNDA:17,resetInitialSettings
FNDA:7,reset
FNDA:0,addExecutedRequest
DA:34,1
DA:39,2
DA:41,1
DA:43,1
DA:45,1
DA:47,1
DA:49,1
DA:50,1
DA:51,1
DA:52,1
DA:54,1
DA:56,10
DA:57,10
DA:58,10
DA:59,10
DA:60,10
DA:61,10
DA:62,10
DA:64,10
DA:69,1
DA:70,10
DA:71,10
DA:72,10
DA:73,10
DA:74,10
DA:77,1
DA:78,2
DA:79,0
DA:82,2
DA:83,0
DA:86,2
DA:87,0
DA:90,2
DA:91,0
DA:93,0
DA:94,0
DA:95,0
DA:96,0
DA:99,0
DA:102,2
DA:103,2
DA:106,0
DA:109,1
DA:110,0
DA:111,0
DA:112,0
DA:115,0
DA:118,0
DA:119,0
DA:120,0
DA:121,0
DA:122,0
DA:127,0
DA:143,1
DA:144,18
DA:146,18
DA:147,18
DA:148,17
DA:149,17
DA:152,18
DA:155,1
DA:156,4
DA:159,1
DA:160,7
DA:161,4
DA:162,4
DA:166,1
DA:167,0
DA:168,0
DA:172,1
DA:173,0
DA:174,0
DA:177,0
DA:178,0
DA:179,0
DA:184,1
DA:185,1
DA:186,1
DA:187,1
DA:190,0
DA:191,0
DA:192,0
DA:193,0
DA:195,0
DA:196,0
DA:200,1
DA:201,1
DA:202,1
DA:203,1
DA:206,1
DA:207,12
DA:209,6
DA:210,6
DA:211,6
DA:212,6
DA:215,6
DA:217,6
DA:218,6
DA:219,6
DA:220,6
DA:222,0
DA:226,1
DA:227,6
DA:231,6
DA:234,1
DA:236,5
DA:237,5
DA:238,0
DA:239,0
DA:240,0
DA:241,0
DA:242,0
DA:243,0
DA:246,5
DA:249,1
DA:251,17
DA:252,5
DA:255,12
DA:256,9
DA:257,9
DA:258,0
DA:261,9
DA:265,1
DA:266,17
DA:267,17
DA:269,4
DA:270,4
DA:272,11
DA:273,11
DA:275,2
DA:277,17
DA:280,1
DA:281,12
DA:282,12
DA:285,1
DA:286,0
DA:288,0
DA:290,0
DA:291,0
DA:294,0
DA:296,0
DA:304,1
DA:305,0
DA:307,0
DA:315,1
DA:316,0
DA:318,0
DA:321,1
DA:322,17
DA:323,17
DA:326,1
DA:327,7
DA:328,7
DA:329,7
DA:331,7
DA:332,6
DA:334,7
DA:337,1
DA:338,0
DA:341,10
DA:354,10
DA:355,10
DA:358,1
DA:359,1
DA:360,1
DA:361,1
DA:362,1
DA:363,1
DA:364,1
DA:365,1
DA:366,1
LF:171
LH:119
BRDA:39,1,0,0
BRDA:39,1,1,2
BRDA:39,2,0,2
BRDA:39,2,1,2
BRDA:56,3,0,10
BRDA:56,3,1,0
BRDA:79,4,0,0
BRDA:79,4,1,0
BRDA:83,5,0,0
BRDA:83,5,1,0
BRDA:83,5,2,0
BRDA:83,5,3,0
BRDA:87,6,0,0
BRDA:87,6,1,0
BRDA:87,6,2,0
BRDA:94,7,0,0
BRDA:94,7,1,0
BRDA:94,8,0,0
BRDA:94,8,1,0
BRDA:94,8,2,0
BRDA:102,9,0,2
BRDA:102,9,1,0
BRDA:118,10,0,0
BRDA:118,10,1,0
BRDA:121,11,0,0
BRDA:121,11,1,0
BRDA:121,12,0,0
BRDA:121,12,1,0
BRDA:144,13,0,17
BRDA:144,13,1,1
BRDA:144,14,0,0
BRDA:144,14,1,17
BRDA:156,15,0,2
BRDA:156,15,1,2
BRDA:162,16,0,4
BRDA:162,16,1,2
BRDA:162,17,0,0
BRDA:162,17,1,2
BRDA:168,18,0,0
BRDA:168,18,1,0
BRDA:168,19,0,0
BRDA:168,19,1,0
BRDA:173,20,0,0
BRDA:173,20,1,0
BRDA:179,21,0,0
BRDA:179,21,1,0
BRDA:179,21,2,0
BRDA:179,21,3,0
BRDA:185,22,0,1
BRDA:185,22,1,0
BRDA:185,23,0,1
BRDA:185,23,1,0
BRDA:195,24,0,0
BRDA:195,24,1,0
BRDA:207,25,0,6
BRDA:207,25,1,6
BRDA:207,25,2,0
BRDA:241,26,0,0
BRDA:241,26,1,0
BRDA:242,27,0,0
BRDA:242,27,1,0
BRDA:242,28,0,0
BRDA:242,28,1,0
BRDA:242,28,2,0
BRDA:242,28,3,0
BRDA:242,28,4,0
BRDA:242,28,5,0
BRDA:251,29,0,5
BRDA:251,29,1,12
BRDA:257,30,0,9
BRDA:257,30,1,0
BRDA:258,31,0,0
BRDA:258,31,1,0
BRDA:258,32,0,0
BRDA:258,32,1,0
BRDA:267,33,0,4
BRDA:267,33,1,11
BRDA:267,33,2,2
BRDA:286,34,0,0
BRDA:286,34,1,0
BRDA:290,35,0,0
BRDA:290,35,1,0
BRDA:290,36,0,0
BRDA:290,36,1,0
BRDA:294,37,0,0
BRDA:294,37,1,0
BRDA:305,38,0,0
BRDA:305,38,1,0
BRDA:316,39,0,0
BRDA:316,39,1,0
BRDA:331,40,0,6
BRDA:331,40,1,1
BRF:92
BRH:26
end_of_record
TN:
SF:/home/acer/Documents/dash.js-master/src/core/FactoryMaker.js
FN:40,(anonymous_1)
FN:47,extend
FN:68,getSingletonInstance
FN:87,setSingletonInstance
FN:108,getFactoryByName
FN:112,updateFactory
FN:124,updateClassFactory
FN:128,getClassFactoryByName
FN:132,getClassFactory
FN:136,(anonymous_10)
FN:141,create
FN:158,updateSingletonFactory
FN:162,getSingletonFactoryByName
FN:166,getSingletonFactory
FN:169,(anonymous_15)
FN:175,getInstance
FN:199,merge
FN:238,(anonymous_18)
FNF:18
FNH:15
FNDA:1,(anonymous_1)
FNDA:0,extend
FNDA:12456,getSingletonInstance
FNDA:13,setSingletonInstance
FNDA:105,getFactoryByName
FNDA:9,updateFactory
FNDA:3,updateClassFactory
FNDA:0,getClassFactoryByName
FNDA:59,getClassFactory
FNDA:7458,(anonymous_10)
FNDA:7457,create
FNDA:6,updateSingletonFactory
FNDA:0,getSingletonFactoryByName
FNDA:46,getSingletonFactory
FNDA:12456,(anonymous_15)
FNDA:12456,getInstance
FNDA:9285,merge
FNDA:315,(anonymous_18)
DA:37,1
DA:40,1
DA:42,1
DA:43,1
DA:44,1
DA:45,1
DA:47,1
DA:48,0
DA:49,0
DA:68,1
DA:69,12456
DA:70,5484272
DA:71,5484272
DA:72,10628
DA:75,1828
DA:87,1
DA:88,13
DA:89,22606
DA:90,22606
DA:91,12
DA:92,12
DA:95,1
DA:108,1
DA:109,105
DA:112,1
DA:113,9
DA:114,8
DA:124,1
DA:125,3
DA:128,1
DA:129,0
DA:132,1
DA:133,59
DA:135,59
DA:136,59
DA:137,7458
DA:138,114
DA:140,7458
DA:142,7457
DA:147,59
DA:149,59
DA:158,1
DA:159,6
DA:162,1
DA:163,0
DA:166,1
DA:167,46
DA:168,46
DA:169,46
DA:170,12456
DA:171,12456
DA:172,0
DA:174,12456
DA:177,12456
DA:178,12456
DA:181,12456
DA:182,1828
DA:183,1828
DA:189,12456
DA:193,46
DA:196,46
DA:199,1
DA:201,9285
DA:202,9285
DA:203,9285
DA:205,9285
DA:207,0
DA:209,0
DA:212,0
DA:213,0
DA:219,0
DA:220,0
DA:221,0
DA:227,0
DA:234,9285
DA:238,9283
DA:239,315
DA:242,9283
DA:245,1
DA:257,1
DA:260,1
DA:261,1
LF:82
LH:69
BRDA:48,1,0,0
BRDA:48,1,1,0
BRDA:48,2,0,0
BRDA:48,2,1,0
BRDA:71,3,0,10628
BRDA:71,3,1,5473644
BRDA:71,4,0,5484272
BRDA:71,4,1,47020
BRDA:90,5,0,12
BRDA:90,5,1,22594
BRDA:90,6,0,22606
BRDA:90,6,1,25
BRDA:113,7,0,8
BRDA:113,7,1,1
BRDA:135,8,0,59
BRDA:135,8,1,0
BRDA:137,9,0,114
BRDA:137,9,1,7344
BRDA:168,10,0,46
BRDA:168,10,1,0
BRDA:171,11,0,0
BRDA:171,11,1,12456
BRDA:177,12,0,12456
BRDA:177,12,1,0
BRDA:181,13,0,1828
BRDA:181,13,1,10628
BRDA:205,14,0,0
BRDA:205,14,1,9285
BRDA:209,15,0,0
BRDA:209,15,1,0
BRDA:220,16,0,0
BRDA:220,16,1,0
BRF:32
BRH:19
end_of_record
TN:
SF:/home/acer/Documents/dash.js-master/src/streaming/vo/FragmentRequest.js
FN:39,(anonymous_1)
FN:39,defineProperties
FN:39,(anonymous_3)
FN:43,_classCallCheck
FN:52,(anonymous_5)
FN:53,FragmentRequest
FN:83,isInitializationRequest
FN:88,setInfo
FNF:8
FNH:7
FNDA:1,(anonymous_1)
FNDA:1,defineProperties
FNDA:1,(anonymous_3)
FNDA:4,_classCallCheck
FNDA:1,(anonymous_5)
FNDA:4,FragmentRequest
FNDA:0,isInitializationRequest
FNDA:2,setInfo
DA:34,1
DA:39,2
DA:43,4
DA:45,1
DA:52,1
DA:53,1
DA:54,4
DA:56,4
DA:57,4
DA:58,4
DA:59,4
DA:60,4
DA:61,4
DA:62,4
DA:63,4
DA:64,4
DA:65,4
DA:66,4
DA:67,4
DA:68,4
DA:69,4
DA:70,4
DA:71,4
DA:72,4
DA:73,4
DA:74,4
DA:75,4
DA:76,4
DA:77,4
DA:78,4
DA:81,1
DA:84,0
DA:89,2
DA:90,2
DA:91,2
DA:92,2
DA:96,1
DA:99,1
DA:100,1
DA:102,1
DA:103,1
LF:41
LH:40
BRDA:39,1,0,2
BRDA:39,1,1,2
BRDA:39,2,0,2
BRDA:39,2,1,0
BRDA:39,3,0,1
BRDA:39,3,1,0
BRDA:39,4,0,0
BRDA:39,4,1,1
BRDA:43,5,0,0
BRDA:43,5,1,4
BRDA:64,6,0,4
BRDA:64,6,1,4
BRDA:84,7,0,0
BRDA:84,7,1,0
BRDA:89,8,0,1
BRDA:89,8,1,1
BRDA:89,9,0,2
BRDA:89,9,1,2
BRDA:90,10,0,0
BRDA:90,10,1,2
BRDA:90,11,0,2
BRDA:90,11,1,2
BRDA:91,12,0,2
BRDA:91,12,1,0
BRDA:91,13,0,2
BRDA:91,13,1,2
BRDA:92,14,0,0
BRDA:92,14,1,2
BRDA:92,15,0,2
BRDA:92,15,1,2
BRF:30
BRH:25
end_of_record
TN:
SF:/home/acer/Documents/dash.js-master/src/streaming/vo/metrics/HTTPRequest.js
FN:44,_classCallCheck
FN:50,HTTPRequest
FN:154,HTTPRequestTrace
FNF:3
FNH:1
FNDA:0,_classCallCheck
FNDA:0,HTTPRequest
FNDA:0,HTTPRequestTrace
DA:39,1
DA:44,1
DA:46,1
DA:51,0
DA:57,0
DA:70,0
DA:75,0
DA:80,0
DA:85,0
DA:90,0
DA:95,0
DA:100,0
DA:105,0
DA:110,0
DA:116,0
DA:121,0
DA:126,0
DA:131,0
DA:136,0
DA:141,0
DA:150,1
DA:155,0
DA:161,0
DA:166,0
DA:171,0
DA:174,1
DA:175,1
DA:176,1
DA:177,1
DA:178,1
DA:179,1
DA:180,1
DA:181,1
DA:182,1
DA:184,1
DA:185,1
LF:36
LH:15
BRDA:44,1,0,0
BRDA:44,1,1,0
BRF:2
BRH:2
end_of_record
TN:
SF:/home/acer/Documents/dash.js-master/src/streaming/controllers/BufferController.js
FN:38,_interopRequireDefault
FN:105,BufferController
FN:145,setup
FN:152,getBufferControllerType
FN:156,initialize
FN:178,getRepresentationInfo
FN:182,createBuffer
FN:209,dischargePreBuffer
FN:242,onInitFragmentLoaded
FN:251,appendInitSegment
FN:266,onMediaFragmentLoaded
FN:286,appendToBuffer
FN:294,showBufferRanges
FN:302,onAppended
FN:365,adjustSeekTarget
FN:397,onQualityChanged
FN:407,onPlaybackSeeking
FN:423,onPlaybackSeeked
FN:428,pruneAllSafely
FN:429,(anonymous_20)
FN:439,getAllRangesWithSafetyFactor
FN:503,getWorkingTime
FN:507,onPlaybackProgression
FN:513,onPlaybackStalled
FN:517,onPlaybackPlaying
FN:522,getRangeAt
FN:571,getBufferLength
FN:586,updateBufferLevel
FN:594,checkIfBufferingCompleted
FN:603,checkIfSufficientBuffer
FN:627,notifyBufferStateChanged
FN:641,pruneBuffer
FN:651,getClearRanges
FN:691,clearBuffers
FN:702,clearNextRange
FN:734,onRemoved
FN:772,updateBufferTimestampOffset
FN:781,updateAppendWindow
FN:787,onDataUpdateCompleted
FN:796,onStreamCompleted
FN:802,onCurrentTrackChanged
FN:817,onWallclockTimeUpdated
FN:826,onPlaybackRateChanged
FN:830,getType
FN:834,getBuffer
FN:838,setBuffer
FN:842,getBufferLevel
FN:846,setMediaSource
FN:857,getMediaSource
FN:861,replaceBuffer
FN:865,getIsBufferingCompleted
FN:869,getIsPruningInProgress
FN:873,getTotalBufferedTime
FN:888,hasEnoughSpaceToAppend
FN:893,triggerEvent
FN:901,resetInitialSettings
FN:928,reset
FNF:57
FNH:32
FNDA:14,_interopRequireDefault
FNDA:26,BufferController
FNDA:26,setup
FNDA:1,getBufferControllerType
FNDA:23,initialize
FNDA:20,getRepresentationInfo
FNDA:21,createBuffer
FNDA:0,dischargePreBuffer
FNDA:3,onInitFragmentLoaded
FNDA:2,appendInitSegment
FNDA:3,onMediaFragmentLoaded
FNDA:5,appendToBuffer
FNDA:0,showBufferRanges
FNDA:0,onAppended
FNDA:0,adjustSeekTarget
FNDA:4,onQualityChanged
FNDA:1,onPlaybackSeeking
FNDA:0,onPlaybackSeeked
FNDA:1,pruneAllSafely
FNDA:1,(anonymous_20)
FNDA:1,getAllRangesWithSafetyFactor
FNDA:1,getWorkingTime
FNDA:1,onPlaybackProgression
FNDA:0,onPlaybackStalled
FNDA:0,onPlaybackPlaying
FNDA:5,getRangeAt
FNDA:1,getBufferLength
FNDA:1,updateBufferLevel
FNDA:0,checkIfBufferingCompleted
FNDA:1,checkIfSufficientBuffer
FNDA:1,notifyBufferStateChanged
FNDA:0,pruneBuffer
FNDA:0,getClearRanges
FNDA:1,clearBuffers
FNDA:0,clearNextRange
FNDA:0,onRemoved
FNDA:21,updateBufferTimestampOffset
FNDA:0,updateAppendWindow
FNDA:0,onDataUpdateCompleted
FNDA:0,onStreamCompleted
FNDA:0,onCurrentTrackChanged
FNDA:0,onWallclockTimeUpdated
FNDA:0,onPlaybackRateChanged
FNDA:7,getType
FNDA:7,getBuffer
FNDA:0,setBuffer
FNDA:0,getBufferLevel
FNDA:24,setMediaSource
FNDA:1,getMediaSource
FNDA:0,replaceBuffer
FNDA:0,getIsBufferingCompleted
FNDA:0,getIsPruningInProgress
FNDA:0,getTotalBufferedTime
FNDA:0,hasEnoughSpaceToAppend
FNDA:8,triggerEvent
FNDA:50,resetInitialSettings
FNDA:24,reset
DA:33,1
DA:38,14
DA:40,1
DA:42,1
DA:44,1
DA:46,1
DA:48,1
DA:50,1
DA:52,1
DA:54,1
DA:56,1
DA:58,1
DA:60,1
DA:62,1
DA:64,1
DA:66,1
DA:68,1
DA:70,1
DA:72,1
DA:74,1
DA:76,1
DA:78,1
DA:80,1
DA:82,1
DA:84,1
DA:86,1
DA:88,1
DA:90,1
DA:92,1
DA:94,1
DA:96,1
DA:98,1
DA:99,1
DA:100,1
DA:101,1
DA:103,1
DA:105,1
DA:107,26
DA:108,26
DA:109,26
DA:110,26
DA:111,26
DA:112,26
DA:113,26
DA:114,26
DA:115,26
DA:116,26
DA:117,26
DA:118,26
DA:119,26
DA:120,26
DA:122,26
DA:145,1
DA:146,26
DA:147,26
DA:149,26
DA:152,1
DA:153,1
DA:156,1
DA:157,23
DA:159,23
DA:161,23
DA:162,23
DA:163,23
DA:164,23
DA:165,23
DA:166,23
DA:167,23
DA:168,23
DA:169,23
DA:170,23
DA:171,23
DA:172,23
DA:173,23
DA:174,23
DA:175,23
DA:178,1
DA:179,20
DA:182,1
DA:183,21
DA:184,20
DA:185,20
DA:186,19
DA:187,19
DA:188,0
DA:190,19
DA:192,19
DA:193,19
DA:195,19
DA:196,0
DA:199,0
DA:200,0
DA:203,1
DA:205,20
DA:206,20
DA:209,1
DA:210,0
DA:211,0
DA:213,0
DA:214,0
DA:215,0
DA:216,0
DA:218,0
DA:220,0
DA:223,0
DA:224,0
DA:225,0
DA:226,0
DA:227,0
DA:228,0
DA:229,0
DA:230,0
DA:231,0
DA:233,0
DA:237,0
DA:238,0
DA:242,1
DA:243,3
DA:245,2
DA:246,2
DA:247,2
DA:248,2
DA:251,1
DA:253,2
DA:255,2
DA:257,1
DA:261,1
DA:262,1
DA:263,1
DA:266,1
DA:267,3
DA:268,3
DA:270,2
DA:271,0
DA:272,0
DA:273,0
DA:274,0
DA:275,0
DA:282,2
DA:286,1
DA:287,5
DA:289,5
DA:290,5
DA:294,1
DA:295,0
DA:296,0
DA:297,0
DA:302,1
DA:303,0
DA:304,0
DA:305,0
DA:306,0
DA:307,0
DA:309,0
DA:311,0
DA:312,0
DA:313,0
DA:314,0
DA:315,0
DA:322,0
DA:325,0
DA:326,0
DA:328,0
DA:329,0
DA:331,0
DA:333,0
DA:335,0
DA:336,0
DA:337,0
DA:338,0
DA:341,0
DA:342,0
DA:343,0
DA:344,0
DA:345,0
DA:346,0
DA:349,0
DA:350,0
DA:351,0
DA:354,0
DA:355,0
DA:365,1
DA:367,0
DA:368,0
DA:371,0
DA:372,0
DA:373,0
DA:376,0
DA:377,0
DA:378,0
DA:380,0
DA:385,0
DA:387,0
DA:388,0
DA:390,0
DA:392,0
DA:393,0
DA:397,1
DA:398,4
DA:400,1
DA:401,1
DA:407,1
DA:408,1
DA:409,1
DA:410,0
DA:411,0
DA:413,0
DA:415,1
DA:417,1
DA:419,0
DA:423,1
DA:424,0
DA:428,1
DA:429,1
DA:430,1
DA:431,1
DA:432,1
DA:434,1
DA:439,1
DA:440,1
DA:441,1
DA:442,1
DA:443,1
DA:446,0
DA:447,0
DA:449,0
DA:456,0
DA:457,0
DA:458,0
DA:465,0
DA:469,0
DA:474,0
DA:475,0
DA:477,0
DA:478,0
DA:483,0
DA:487,0
DA:492,0
DA:493,0
DA:495,0
DA:496,0
DA:500,0
DA:503,1
DA:504,1
DA:507,1
DA:508,1
DA:509,1
DA:513,1
DA:514,0
DA:517,1
DA:518,0
DA:519,0
DA:522,1
DA:523,5
DA:524,5
DA:525,5
DA:526,5
DA:527,5
DA:528,5
DA:529,5
DA:532,5
DA:534,5
DA:535,5
DA:536,15
DA:537,15
DA:538,15
DA:539,14
DA:540,14
DA:542,2
DA:543,2
DA:544,12
DA:546,1
DA:547,1
DA:550,1
DA:551,1
DA:553,1
DA:555,0
DA:560,5
DA:561,3
DA:568,2
DA:571,1
DA:572,1
DA:575,1
DA:577,1
DA:578,1
DA:580,0
DA:583,1
DA:586,1
DA:587,1
DA:588,1
DA:589,1
DA:590,1
DA:594,1
DA:595,0
DA:596,0
DA:597,0
DA:598,0
DA:599,0
DA:603,1
DA:605,1
DA:607,1
DA:608,0
DA:609,0
DA:610,0
DA:611,0
DA:612,0
DA:618,1
DA:619,1
DA:621,0
DA:622,0
DA:627,1
DA:628,1
DA:630,0
DA:633,1
DA:635,1
DA:636,1
DA:637,1
DA:641,1
DA:642,0
DA:643,0
DA:646,0
DA:647,0
DA:651,1
DA:652,0
DA:653,0
DA:654,0
DA:655,0
DA:658,0
DA:659,0
DA:661,0
DA:668,0
DA:669,0
DA:670,0
DA:672,0
DA:675,0
DA:676,0
DA:680,0
DA:681,0
DA:683,0
DA:684,0
DA:688,0
DA:691,1
DA:692,1
DA:694,0
DA:695,0
DA:696,0
DA:699,0
DA:702,1
DA:704,0
DA:705,0
DA:706,0
DA:707,0
DA:708,0
DA:711,0
DA:713,0
DA:714,0
DA:715,0
DA:716,0
DA:717,0
DA:720,0
DA:721,0
DA:722,0
DA:725,0
DA:726,0
DA:727,0
DA:728,0
DA:731,0
DA:734,1
DA:735,0
DA:737,0
DA:739,0
DA:740,0
DA:742,0
DA:743,0
DA:746,0
DA:747,0
DA:748,0
DA:751,0
DA:752,0
DA:754,0
DA:755,0
DA:757,0
DA:758,0
DA:759,0
DA:762,0
DA:772,1
DA:773,21
DA:776,1
DA:777,1
DA:781,1
DA:782,0
DA:783,0
DA:787,1
DA:788,0
DA:789,0
DA:790,0
DA:791,0
DA:793,0
DA:796,1
DA:797,0
DA:798,0
DA:799,0
DA:802,1
DA:803,0
DA:805,0
DA:806,0
DA:808,0
DA:809,0
DA:810,0
DA:811,0
DA:812,0
DA:817,1
DA:818,0
DA:819,0
DA:820,0
DA:821,0
DA:822,0
DA:826,1
DA:827,0
DA:830,1
DA:831,7
DA:834,1
DA:835,7
DA:838,1
DA:839,0
DA:842,1
DA:843,0
DA:846,1
DA:847,24
DA:848,24
DA:850,0
DA:851,0
DA:852,0
DA:857,1
DA:858,1
DA:861,1
DA:862,0
DA:865,1
DA:866,0
DA:869,1
DA:870,0
DA:873,1
DA:874,0
DA:875,0
DA:876,0
DA:879,0
DA:881,0
DA:882,0
DA:885,0
DA:888,1
DA:889,0
DA:890,0
DA:893,1
DA:894,8
DA:895,8
DA:896,8
DA:897,8
DA:898,8
DA:901,1
DA:902,50
DA:903,50
DA:904,50
DA:905,50
DA:906,50
DA:907,50
DA:908,50
DA:909,50
DA:910,50
DA:911,50
DA:912,50
DA:913,50
DA:914,50
DA:915,50
DA:917,50
DA:918,20
DA:919,20
DA:921,20
DA:922,20
DA:925,50
DA:928,1
DA:929,24
DA:930,24
DA:931,24
DA:932,24
DA:933,24
DA:934,24
DA:935,24
DA:936,24
DA:937,24
DA:938,24
DA:939,24
DA:940,24
DA:941,24
DA:942,24
DA:943,24
DA:945,24
DA:948,26
DA:969,26
DA:970,26
DA:973,1
DA:974,1
DA:975,1
LF:502
LH:277
BRDA:38,1,0,0
BRDA:38,1,1,14
BRDA:38,2,0,14
BRDA:38,2,1,14
BRDA:107,3,0,26
BRDA:107,3,1,0
BRDA:183,4,0,1
BRDA:183,4,1,20
BRDA:183,5,0,21
BRDA:183,5,1,21
BRDA:185,6,0,19
BRDA:185,6,1,1
BRDA:187,7,0,0
BRDA:187,7,1,19
BRDA:187,8,0,19
BRDA:187,8,1,0
BRDA:192,9,0,19
BRDA:192,9,1,0
BRDA:195,10,0,0
BRDA:195,10,1,19
BRDA:210,11,0,0
BRDA:210,11,1,0
BRDA:210,12,0,0
BRDA:210,12,1,0
BRDA:210,12,2,0
BRDA:213,13,0,0
BRDA:213,13,1,0
BRDA:228,14,0,0
BRDA:228,14,1,0
BRDA:229,15,0,0
BRDA:229,15,1,0
BRDA:243,16,0,1
BRDA:243,16,1,2
BRDA:243,17,0,3
BRDA:243,17,1,2
BRDA:255,18,0,1
BRDA:255,18,1,1
BRDA:268,19,0,1
BRDA:268,19,1,2
BRDA:268,20,0,3
BRDA:268,20,1,2
BRDA:270,21,0,0
BRDA:270,21,1,2
BRDA:272,22,0,0
BRDA:272,22,1,0
BRDA:273,23,0,0
BRDA:273,23,1,0
BRDA:273,24,0,0
BRDA:273,24,1,0
BRDA:273,24,2,0
BRDA:289,25,0,5
BRDA:289,25,1,0
BRDA:295,26,0,0
BRDA:295,26,1,0
BRDA:295,27,0,0
BRDA:295,27,1,0
BRDA:303,28,0,0
BRDA:303,28,1,0
BRDA:304,29,0,0
BRDA:304,29,1,0
BRDA:309,30,0,0
BRDA:309,30,1,0
BRDA:325,31,0,0
BRDA:325,31,1,0
BRDA:325,32,0,0
BRDA:325,32,1,0
BRDA:336,33,0,0
BRDA:336,33,1,0
BRDA:336,34,0,0
BRDA:336,34,1,0
BRDA:342,35,0,0
BRDA:342,35,1,0
BRDA:346,36,0,0
BRDA:346,36,1,0
BRDA:354,37,0,0
BRDA:354,37,1,0
BRDA:355,38,0,0
BRDA:355,38,1,0
BRDA:367,39,0,0
BRDA:367,39,1,0
BRDA:367,40,0,0
BRDA:367,40,1,0
BRDA:368,41,0,0
BRDA:368,41,1,0
BRDA:373,42,0,0
BRDA:373,42,1,0
BRDA:373,43,0,0
BRDA:373,43,1,0
BRDA:378,44,0,0
BRDA:378,44,1,0
BRDA:380,45,0,0
BRDA:380,45,1,0
BRDA:385,46,0,0
BRDA:385,46,1,0
BRDA:390,47,0,0
BRDA:390,47,1,0
BRDA:398,48,0,3
BRDA:398,48,1,1
BRDA:398,49,0,4
BRDA:398,49,1,3
BRDA:398,49,2,2
BRDA:409,50,0,0
BRDA:409,50,1,1
BRDA:415,51,0,1
BRDA:415,51,1,0
BRDA:431,52,0,1
BRDA:431,52,1,0
BRDA:431,53,0,1
BRDA:431,53,1,1
BRDA:442,54,0,1
BRDA:442,54,1,0
BRDA:442,55,0,1
BRDA:442,55,1,1
BRDA:456,56,0,0
BRDA:456,56,1,0
BRDA:474,57,0,0
BRDA:474,57,1,0
BRDA:474,58,0,0
BRDA:474,58,1,0
BRDA:477,59,0,0
BRDA:477,59,1,0
BRDA:477,60,0,0
BRDA:477,60,1,0
BRDA:492,61,0,0
BRDA:492,61,1,0
BRDA:492,62,0,0
BRDA:492,62,1,0
BRDA:495,63,0,0
BRDA:495,63,1,0
BRDA:495,64,0,0
BRDA:495,64,1,0
BRDA:504,65,0,1
BRDA:504,65,1,0
BRDA:508,66,0,1
BRDA:508,66,1,0
BRDA:508,67,0,1
BRDA:508,67,1,0
BRDA:508,67,2,0
BRDA:532,68,0,0
BRDA:532,68,1,5
BRDA:534,69,0,5
BRDA:534,69,1,0
BRDA:534,70,0,5
BRDA:534,70,1,5
BRDA:538,71,0,14
BRDA:538,71,1,1
BRDA:540,72,0,2
BRDA:540,72,1,12
BRDA:540,73,0,14
BRDA:540,73,1,12
BRDA:544,74,0,1
BRDA:544,74,1,11
BRDA:551,75,0,1
BRDA:551,75,1,0
BRDA:560,76,0,3
BRDA:560,76,1,2
BRDA:577,77,0,1
BRDA:577,77,1,0
BRDA:587,78,0,1
BRDA:587,78,1,0
BRDA:588,79,0,1
BRDA:588,79,1,1
BRDA:596,80,0,0
BRDA:596,80,1,0
BRDA:596,81,0,0
BRDA:596,81,1,0
BRDA:596,81,2,0
BRDA:605,82,0,0
BRDA:605,82,1,1
BRDA:605,83,0,1
BRDA:605,83,1,1
BRDA:607,84,0,0
BRDA:607,84,1,1
BRDA:607,85,0,1
BRDA:607,85,1,0
BRDA:607,85,2,0
BRDA:607,85,3,0
BRDA:607,85,4,0
BRDA:618,86,0,1
BRDA:618,86,1,0
BRDA:618,87,0,1
BRDA:618,87,1,1
BRDA:618,87,2,0
BRDA:618,87,3,1
BRDA:621,88,0,0
BRDA:621,88,1,0
BRDA:621,89,0,0
BRDA:621,89,1,0
BRDA:628,90,0,0
BRDA:628,90,1,1
BRDA:628,91,0,1
BRDA:628,91,1,1
BRDA:628,91,2,1
BRDA:628,91,3,1
BRDA:628,91,4,0
BRDA:636,92,0,0
BRDA:636,92,1,1
BRDA:637,93,0,0
BRDA:637,93,1,1
BRDA:642,94,0,0
BRDA:642,94,1,0
BRDA:642,95,0,0
BRDA:642,95,1,0
BRDA:646,96,0,0
BRDA:646,96,1,0
BRDA:654,97,0,0
BRDA:654,97,1,0
BRDA:654,98,0,0
BRDA:654,98,1,0
BRDA:668,99,0,0
BRDA:668,99,1,0
BRDA:670,100,0,0
BRDA:670,100,1,0
BRDA:670,101,0,0
BRDA:670,101,1,0
BRDA:675,102,0,0
BRDA:675,102,1,0
BRDA:680,103,0,0
BRDA:680,103,1,0
BRDA:683,104,0,0
BRDA:683,104,1,0
BRDA:692,105,0,1
BRDA:692,105,1,0
BRDA:692,106,0,1
BRDA:692,106,1,1
BRDA:692,106,2,1
BRDA:695,107,0,0
BRDA:695,107,1,0
BRDA:704,108,0,0
BRDA:704,108,1,0
BRDA:704,109,0,0
BRDA:704,109,1,0
BRDA:713,110,0,0
BRDA:713,110,1,0
BRDA:713,111,0,0
BRDA:713,111,1,0
BRDA:713,111,2,0
BRDA:726,112,0,0
BRDA:726,112,1,0
BRDA:735,113,0,0
BRDA:735,113,1,0
BRDA:742,114,0,0
BRDA:742,114,1,0
BRDA:746,115,0,0
BRDA:746,115,1,0
BRDA:751,116,0,0
BRDA:751,116,1,0
BRDA:754,117,0,0
BRDA:754,117,1,0
BRDA:758,118,0,0
BRDA:758,118,1,0
BRDA:773,119,0,20
BRDA:773,119,1,1
BRDA:773,120,0,21
BRDA:773,120,1,1
BRDA:776,121,0,1
BRDA:776,121,1,0
BRDA:776,122,0,1
BRDA:776,122,1,1
BRDA:782,123,0,0
BRDA:782,123,1,0
BRDA:782,124,0,0
BRDA:782,124,1,0
BRDA:788,125,0,0
BRDA:788,125,1,0
BRDA:788,126,0,0
BRDA:788,126,1,0
BRDA:789,127,0,0
BRDA:789,127,1,0
BRDA:790,128,0,0
BRDA:790,128,1,0
BRDA:797,129,0,0
BRDA:797,129,1,0
BRDA:797,130,0,0
BRDA:797,130,1,0
BRDA:803,131,0,0
BRDA:803,131,1,0
BRDA:803,132,0,0
BRDA:803,132,1,0
BRDA:805,133,0,0
BRDA:805,133,1,0
BRDA:806,134,0,0
BRDA:806,134,1,0
BRDA:809,135,0,0
BRDA:809,135,1,0
BRDA:810,136,0,0
BRDA:810,136,1,0
BRDA:810,137,0,0
BRDA:810,137,1,0
BRDA:810,137,2,0
BRDA:820,138,0,0
BRDA:820,138,1,0
BRDA:848,139,0,0
BRDA:848,139,1,24
BRDA:848,140,0,24
BRDA:848,140,1,0
BRDA:850,141,0,0
BRDA:850,141,1,0
BRDA:879,142,0,0
BRDA:879,142,1,0
BRDA:894,143,0,8
BRDA:894,143,1,1
BRDA:917,144,0,20
BRDA:917,144,1,30
BRDA:918,145,0,20
BRDA:918,145,1,0
BRF:306
BRH:96
end_of_record
TN:
SF:/home/acer/Documents/dash.js-master/src/streaming/SourceBufferSink.js
FN:38,_interopRequireDefault
FN:75,SourceBufferSink
FN:89,setup
FN:136,reset
FN:162,getBuffer
FN:166,getAllBufferRanges
FN:175,hasDiscontinuitiesAfter
FN:193,append
FN:207,updateTimestampOffset
FN:209,(anonymous_10)
FN:218,updateAppendWindow
FN:222,(anonymous_12)
FN:242,remove
FN:245,(anonymous_14)
FN:251,(anonymous_15)
FN:271,appendNextInQueue
FN:279,(anonymous_17)
FN:284,afterSuccess
FN:332,checkBufferGapsAfterAppend
FN:344,isChunkAlignedWithRange
FN:355,abort
FN:368,executeCallback
FN:381,checkIsUpdateEnded
FN:388,updateEndHandler
FN:394,errHandler
FN:398,waitForUpdateEnd
FNF:26
FNH:22
FNDA:7,_interopRequireDefault
FNDA:42,SourceBufferSink
FNDA:42,setup
FNDA:40,reset
FNDA:43,getBuffer
FNDA:19,getAllBufferRanges
FNDA:0,hasDiscontinuitiesAfter
FNDA:10,append
FNDA:1,updateTimestampOffset
FNDA:1,(anonymous_10)
FNDA:55,updateAppendWindow
FNDA:55,(anonymous_12)
FNDA:1,remove
FNDA:1,(anonymous_14)
FNDA:1,(anonymous_15)
FNDA:9,appendNextInQueue
FNDA:9,(anonymous_17)
FNDA:3,afterSuccess
FNDA:3,checkBufferGapsAfterAppend
FNDA:0,isChunkAlignedWithRange
FNDA:30,abort
FNDA:199,executeCallback
FNDA:87,checkIsUpdateEnded
FNDA:0,updateEndHandler
FNDA:0,errHandler
FNDA:87,waitForUpdateEnd
DA:33,1
DA:38,7
DA:40,1
DA:42,1
DA:44,1
DA:46,1
DA:48,1
DA:50,1
DA:52,1
DA:54,1
DA:56,1
DA:58,1
DA:60,1
DA:62,1
DA:64,1
DA:66,1
DA:68,1
DA:75,1
DA:76,42
DA:77,42
DA:79,42
DA:85,42
DA:86,42
DA:87,42
DA:89,1
DA:90,42
DA:91,42
DA:93,42
DA:94,42
DA:99,42
DA:100,2
DA:102,40
DA:103,36
DA:104,0
DA:105,0
DA:108,36
DA:110,36
DA:112,36
DA:113,0
DA:114,0
DA:115,0
DA:116,0
DA:119,0
DA:123,36
DA:127,6
DA:128,4
DA:129,4
DA:131,2
DA:136,1
DA:137,40
DA:138,39
DA:139,0
DA:140,0
DA:141,0
DA:143,39
DA:144,39
DA:145,39
DA:146,39
DA:147,39
DA:148,39
DA:149,39
DA:152,0
DA:154,39
DA:156,39
DA:158,40
DA:159,40
DA:162,1
DA:163,43
DA:166,1
DA:167,19
DA:168,19
DA:170,0
DA:171,0
DA:175,1
DA:176,0
DA:177,0
DA:178,0
DA:179,0
DA:180,0
DA:181,0
DA:182,0
DA:188,0
DA:190,0
DA:193,1
DA:194,10
DA:195,1
DA:199,1
DA:201,9
DA:202,9
DA:203,9
DA:207,1
DA:208,1
DA:209,1
DA:210,1
DA:211,0
DA:213,1
DA:218,1
DA:219,55
DA:220,0
DA:222,55
DA:223,55
DA:224,55
DA:225,55
DA:226,55
DA:227,0
DA:229,55
DA:230,0
DA:232,55
DA:233,55
DA:234,55
DA:235,55
DA:237,0
DA:242,1
DA:243,1
DA:245,1
DA:246,1
DA:247,1
DA:248,1
DA:251,1
DA:252,1
DA:260,0
DA:271,1
DA:274,9
DA:276,9
DA:278,9
DA:279,9
DA:280,9
DA:281,9
DA:282,9
DA:283,9
DA:284,9
DA:286,3
DA:287,3
DA:288,3
DA:289,0
DA:291,3
DA:292,3
DA:293,3
DA:300,9
DA:301,9
DA:302,0
DA:304,9
DA:305,9
DA:306,9
DA:308,0
DA:311,9
DA:314,0
DA:315,0
DA:316,0
DA:318,0
DA:321,0
DA:322,0
DA:332,1
DA:333,3
DA:335,0
DA:344,1
DA:345,0
DA:346,0
DA:347,0
DA:348,0
DA:349,0
DA:352,0
DA:355,1
DA:356,30
DA:357,30
DA:358,29
DA:359,1
DA:360,0
DA:363,0
DA:365,30
DA:368,1
DA:369,199
DA:370,81
DA:371,81
DA:372,10
DA:374,71
DA:376,71
DA:381,1
DA:383,87
DA:385,60
DA:388,1
DA:389,0
DA:391,0
DA:394,1
DA:395,0
DA:398,1
DA:399,87
DA:401,87
DA:402,68
DA:406,42
DA:419,42
DA:421,40
DA:424,1
DA:425,1
DA:426,1
DA:427,1
LF:196
LH:147
BRDA:38,1,0,0
BRDA:38,1,1,7
BRDA:38,2,0,7
BRDA:38,2,1,7
BRDA:99,3,0,2
BRDA:99,3,1,40
BRDA:102,4,0,0
BRDA:102,4,1,40
BRDA:103,5,0,0
BRDA:103,5,1,36
BRDA:103,6,0,36
BRDA:103,6,1,0
BRDA:112,7,0,0
BRDA:112,7,1,36
BRDA:127,8,0,4
BRDA:127,8,1,2
BRDA:127,9,0,6
BRDA:127,9,1,4
BRDA:127,9,2,3
BRDA:137,10,0,39
BRDA:137,10,1,1
BRDA:138,11,0,0
BRDA:138,11,1,39
BRDA:145,12,0,39
BRDA:145,12,1,0
BRDA:147,13,0,39
BRDA:147,13,1,0
BRDA:147,14,0,39
BRDA:147,14,1,0
BRDA:178,15,0,0
BRDA:178,15,1,0
BRDA:178,16,0,0
BRDA:178,16,1,0
BRDA:180,17,0,0
BRDA:180,17,1,0
BRDA:181,18,0,0
BRDA:181,18,1,0
BRDA:181,19,0,0
BRDA:181,19,1,0
BRDA:194,20,0,1
BRDA:194,20,1,9
BRDA:202,21,0,9
BRDA:202,21,1,0
BRDA:208,22,0,1
BRDA:208,22,1,0
BRDA:208,23,0,1
BRDA:208,23,1,1
BRDA:210,24,0,0
BRDA:210,24,1,1
BRDA:219,25,0,0
BRDA:219,25,1,55
BRDA:226,26,0,0
BRDA:226,26,1,55
BRDA:226,27,0,55
BRDA:226,27,1,19
BRDA:226,27,2,0
BRDA:226,27,3,0
BRDA:229,28,0,0
BRDA:229,28,1,55
BRDA:229,29,0,55
BRDA:229,29,1,19
BRDA:247,30,0,1
BRDA:247,30,1,0
BRDA:247,31,0,1
BRDA:247,31,1,1
BRDA:247,31,2,1
BRDA:247,31,3,1
BRDA:278,32,0,9
BRDA:278,32,1,0
BRDA:288,33,0,0
BRDA:288,33,1,3
BRDA:292,34,0,3
BRDA:292,34,1,0
BRDA:301,35,0,0
BRDA:301,35,1,9
BRDA:305,36,0,9
BRDA:305,36,1,0
BRDA:315,37,0,0
BRDA:315,37,1,0
BRDA:321,38,0,0
BRDA:321,38,1,0
BRDA:333,39,0,0
BRDA:333,39,1,3
BRDA:333,40,0,3
BRDA:333,40,1,2
BRDA:333,40,2,0
BRDA:333,40,3,0
BRDA:348,41,0,0
BRDA:348,41,1,0
BRDA:348,42,0,0
BRDA:348,42,1,0
BRDA:348,42,2,0
BRDA:348,42,3,0
BRDA:357,43,0,29
BRDA:357,43,1,1
BRDA:359,44,0,0
BRDA:359,44,1,1
BRDA:359,45,0,1
BRDA:359,45,1,0
BRDA:369,46,0,81
BRDA:369,46,1,118
BRDA:371,47,0,10
BRDA:371,47,1,71
BRDA:383,48,0,27
BRDA:383,48,1,60
BRDA:389,49,0,0
BRDA:389,49,1,0
BRDA:401,50,0,68
BRDA:401,50,1,19
BRF:109
BRH:60
end_of_record
TN:
SF:/home/acer/Documents/dash.js-master/src/core/Debug.js
FN:38,_interopRequireDefault
FN:64,Debug
FN:78,setup
FN:92,getLogFn
FN:108,getLogger
FN:125,setLogTimestampVisible
FN:135,setCalleeNameVisible
FN:139,fatal
FN:147,error
FN:155,warn
FN:163,info
FN:171,debug
FN:179,doLog
FN:203,(anonymous_14)
FNF:14
FNH:12
FNDA:3,_interopRequireDefault
FNDA:161,Debug
FNDA:161,setup
FNDA:5,getLogFn
FNDA:6242,getLogger
FNDA:0,setLogTimestampVisible
FNDA:0,setCalleeNameVisible
FNDA:20,fatal
FNDA:2,error
FNDA:9,warn
FNDA:156,info
FNDA:210,debug
FNDA:397,doLog
FNDA:421,(anonymous_14)
DA:33,1
DA:38,3
DA:40,1
DA:42,1
DA:44,1
DA:46,1
DA:48,1
DA:50,1
DA:52,1
DA:53,1
DA:54,1
DA:55,1
DA:56,1
DA:57,1
DA:64,1
DA:66,161
DA:67,161
DA:68,161
DA:69,161
DA:71,161
DA:73,161
DA:78,1
DA:79,161
DA:80,161
DA:81,161
DA:83,161
DA:84,1
DA:85,1
DA:86,1
DA:87,1
DA:88,1
DA:92,1
DA:93,5
DA:94,5
DA:97,0
DA:108,1
DA:109,6242
DA:125,1
DA:126,0
DA:135,1
DA:136,0
DA:139,1
DA:140,20
DA:141,20
DA:144,20
DA:147,1
DA:148,2
DA:149,2
DA:152,2
DA:155,1
DA:156,9
DA:157,9
DA:160,9
DA:163,1
DA:164,156
DA:165,166
DA:168,156
DA:171,1
DA:172,210
DA:173,224
DA:176,210
DA:179,1
DA:180,397
DA:181,397
DA:183,397
DA:184,397
DA:185,397
DA:188,397
DA:189,315
DA:190,315
DA:191,6
DA:195,397
DA:196,397
DA:199,397
DA:200,421
DA:203,397
DA:204,421
DA:208,397
DA:209,4
DA:213,397
DA:216,161
DA:222,161
DA:224,161
DA:227,1
DA:229,1
DA:230,1
DA:231,1
DA:232,1
DA:233,1
DA:234,1
DA:235,1
DA:236,1
DA:237,1
DA:238,1
LF:94
LH:91
BRDA:38,1,0,0
BRDA:38,1,1,3
BRDA:38,2,0,3
BRDA:38,2,1,3
BRDA:66,3,0,161
BRDA:66,3,1,49
BRDA:83,4,0,1
BRDA:83,4,1,160
BRDA:83,5,0,161
BRDA:83,5,1,6
BRDA:93,6,0,5
BRDA:93,6,1,0
BRDA:93,7,0,5
BRDA:93,7,1,5
BRDA:183,8,0,397
BRDA:183,8,1,0
BRDA:188,9,0,315
BRDA:188,9,1,82
BRDA:188,10,0,397
BRDA:188,10,1,397
BRDA:188,10,2,387
BRDA:190,11,0,6
BRDA:190,11,1,309
BRDA:195,12,0,397
BRDA:195,12,1,0
BRDA:208,13,0,4
BRDA:208,13,1,393
BRDA:208,14,0,397
BRDA:208,14,1,10
BRF:29
BRH:26
end_of_record
TN:
SF:/home/acer/Documents/dash.js-master/src/core/EventBus.js
FN:38,_interopRequireDefault
FN:47,EventBus
FN:51,on
FN:71,(anonymous_4)
FN:83,off
FN:90,trigger
FN:99,(anonymous_7)
FN:102,(anonymous_8)
FN:107,getHandlerIdx
FN:113,(anonymous_10)
FN:122,reset
FNF:11
FNH:10
FNDA:1,_interopRequireDefault
FNDA:169,EventBus
FNDA:9366,on
FNDA:3925419,(anonymous_4)
FNDA:8790,off
FNDA:681,trigger
FNDA:537,(anonymous_7)
FNDA:240,(anonymous_8)
FNDA:17963,getHandlerIdx
FNDA:7858390,(anonymous_10)
FNDA:0,reset
DA:33,1
DA:38,1
DA:40,1
DA:42,1
DA:44,1
DA:45,1
DA:47,1
DA:49,169
DA:51,1
DA:52,9366
DA:54,9366
DA:55,1
DA:57,9365
DA:58,1
DA:61,9364
DA:63,9352
DA:65,9352
DA:71,9352
DA:72,3925419
DA:73,12
DA:74,12
DA:78,9352
DA:79,9340
DA:83,1
DA:84,8790
DA:85,8599
DA:86,8599
DA:87,8479
DA:90,1
DA:91,681
DA:93,181
DA:95,181
DA:97,180
DA:99,180
DA:100,537
DA:102,180
DA:103,240
DA:107,1
DA:109,17963
DA:111,17963
DA:113,17135
DA:114,7858390
DA:115,8491
DA:116,8491
DA:119,17135
DA:122,1
DA:123,0
DA:126,169
DA:133,169
DA:136,1
DA:137,1
DA:138,1
DA:139,1
DA:140,1
DA:141,1
DA:142,1
LF:56
LH:55
BRDA:38,1,0,0
BRDA:38,1,1,1
BRDA:38,2,0,1
BRDA:38,2,1,1
BRDA:52,3,0,9330
BRDA:52,3,1,36
BRDA:52,4,0,9366
BRDA:52,4,1,36
BRDA:54,5,0,1
BRDA:54,5,1,9365
BRDA:57,6,0,1
BRDA:57,6,1,9364
BRDA:57,7,0,9365
BRDA:57,7,1,9364
BRDA:61,8,0,12
BRDA:61,8,1,9352
BRDA:63,9,0,9352
BRDA:63,9,1,828
BRDA:72,10,0,12
BRDA:72,10,1,3925407
BRDA:72,11,0,3925419
BRDA:72,11,1,2598
BRDA:78,12,0,9340
BRDA:78,12,1,12
BRDA:84,13,0,191
BRDA:84,13,1,8599
BRDA:84,14,0,8790
BRDA:84,14,1,8790
BRDA:84,14,2,8790
BRDA:86,15,0,120
BRDA:86,15,1,8479
BRDA:91,16,0,500
BRDA:91,16,1,181
BRDA:91,17,0,681
BRDA:91,17,1,678
BRDA:93,18,0,181
BRDA:93,18,1,10
BRDA:95,19,0,1
BRDA:95,19,1,180
BRDA:103,20,0,240
BRDA:103,20,1,240
BRDA:111,21,0,828
BRDA:111,21,1,17135
BRDA:114,22,0,8491
BRDA:114,22,1,7849899
BRDA:114,23,0,7858390
BRDA:114,23,1,11319
BRDA:114,23,2,8491
BRDA:114,23,3,8297
BRF:49
BRH:49
end_of_record
TN:
SF:/home/acer/Documents/dash.js-master/src/core/events/Events.js
FN:42,get
FN:46,_interopRequireDefault
FN:50,_classCallCheck
FN:54,_inherits
FN:60,(anonymous_5)
FN:63,Events
FNF:6
FNH:6
FNDA:1,get
FNDA:1,_interopRequireDefault
FNDA:1,_classCallCheck
FNDA:1,_inherits
FNDA:1,(anonymous_5)
FNDA:1,Events
DA:37,1
DA:42,1
DA:46,1
DA:50,1
DA:54,1
DA:56,1
DA:58,1
DA:60,1
DA:61,1
DA:63,1
DA:64,1
DA:66,1
DA:69,1
DA:72,1
DA:73,1
DA:74,1
LF:16
LH:16
BRDA:42,1,0,0
BRDA:42,1,1,1
BRDA:42,2,0,0
BRDA:42,2,1,1
BRDA:42,3,0,0
BRDA:42,3,1,0
BRDA:42,4,0,1
BRDA:42,4,1,0
BRDA:42,5,0,0
BRDA:42,5,1,0
BRDA:46,6,0,0
BRDA:46,6,1,1
BRDA:46,7,0,1
BRDA:46,7,1,1
BRDA:50,8,0,0
BRDA:50,8,1,1
BRDA:54,9,0,0
BRDA:54,9,1,1
BRDA:54,10,0,1
BRDA:54,10,1,0
BRDA:54,11,0,1
BRDA:54,11,1,1
BRDA:54,12,0,1
BRDA:54,12,1,0
BRDA:54,13,0,1
BRDA:54,13,1,0
BRF:26
BRH:26
end_of_record
TN:
SF:/home/acer/Documents/dash.js-master/src/core/events/CoreEvents.js
FN:38,get
FN:42,_interopRequireDefault
FN:46,_classCallCheck
FN:50,_inherits
FN:64,(anonymous_5)
FN:67,CoreEvents
FNF:6
FNH:6
FNDA:1,get
FNDA:1,_interopRequireDefault
FNDA:1,_classCallCheck
FNDA:1,_inherits
FNDA:1,(anonymous_5)
FNDA:1,CoreEvents
DA:33,1
DA:38,1
DA:42,1
DA:46,1
DA:50,1
DA:52,1
DA:54,1
DA:64,1
DA:65,1
DA:67,1
DA:68,1
DA:70,1
DA:71,1
DA:72,1
DA:73,1
DA:74,1
DA:75,1
DA:76,1
DA:77,1
DA:78,1
DA:79,1
DA:80,1
DA:81,1
DA:82,1
DA:83,1
DA:84,1
DA:85,1
DA:86,1
DA:87,1
DA:88,1
DA:89,1
DA:90,1
DA:91,1
DA:92,1
DA:93,1
DA:94,1
DA:95,1
DA:96,1
DA:97,1
DA:98,1
DA:99,1
DA:100,1
DA:101,1
DA:102,1
DA:103,1
DA:104,1
DA:105,1
DA:106,1
DA:107,1
DA:108,1
DA:109,1
DA:110,1
DA:111,1
DA:112,1
DA:113,1
DA:114,1
DA:117,1
DA:120,1
DA:121,1
LF:59
LH:59
BRDA:38,1,0,0
BRDA:38,1,1,1
BRDA:38,2,0,0
BRDA:38,2,1,1
BRDA:38,3,0,0
BRDA:38,3,1,0
BRDA:38,4,0,1
BRDA:38,4,1,0
BRDA:38,5,0,0
BRDA:38,5,1,0
BRDA:42,6,0,0
BRDA:42,6,1,1
BRDA:42,7,0,1
BRDA:42,7,1,1
BRDA:46,8,0,0
BRDA:46,8,1,1
BRDA:50,9,0,0
BRDA:50,9,1,1
BRDA:50,10,0,1
BRDA:50,10,1,0
BRDA:50,11,0,1
BRDA:50,11,1,1
BRDA:50,12,0,1
BRDA:50,12,1,0
BRDA:50,13,0,1
BRDA:50,13,1,0
BRF:26
BRH:26
end_of_record
TN:
SF:/home/acer/Documents/dash.js-master/src/core/events/EventsBase.js
FN:42,(anonymous_1)
FN:42,defineProperties
FN:42,(anonymous_3)
FN:46,_classCallCheck
FN:48,(anonymous_5)
FN:49,EventsBase
FN:55,extend
FNF:7
FNH:7
FNDA:1,(anonymous_1)
FNDA:1,defineProperties
FNDA:1,(anonymous_3)
FNDA:3,_classCallCheck
FNDA:1,(anonymous_5)
FNDA:3,EventsBase
FNDA:114,extend
DA:37,1
DA:42,1
DA:46,3
DA:48,1
DA:49,1
DA:50,3
DA:53,1
DA:56,114
DA:58,114
DA:59,114
DA:61,114
DA:62,5526
DA:63,68
DA:64,68
DA:69,1
DA:72,1
DA:73,1
LF:17
LH:17
BRDA:42,1,0,1
BRDA:42,1,1,1
BRDA:42,2,0,1
BRDA:42,2,1,0
BRDA:42,3,0,1
BRDA:42,3,1,0
BRDA:42,4,0,0
BRDA:42,4,1,1
BRDA:46,5,0,0
BRDA:46,5,1,3
BRDA:56,6,0,0
BRDA:56,6,1,114
BRDA:58,7,0,0
BRDA:58,7,1,114
BRDA:59,8,0,0
BRDA:59,8,1,114
BRDA:62,9,0,5458
BRDA:62,9,1,68
BRDA:62,10,0,5526
BRDA:62,10,1,5526
BRDA:62,10,2,5458
BRDA:63,11,0,0
BRDA:63,11,1,68
BRDA:63,12,0,68
BRDA:63,12,1,0
BRF:25
BRH:20
end_of_record
TN:
SF:/home/acer/Documents/dash.js-master/src/streaming/vo/DashJSError.js
FN:42,_classCallCheck
FN:44,DashJSError
FNF:2
FNH:2
FNDA:36,_classCallCheck
FNDA:36,DashJSError
DA:37,1
DA:42,36
DA:44,1
DA:45,36
DA:47,36
DA:48,36
DA:49,36
DA:52,1
DA:53,1
LF:9
LH:9
BRDA:42,1,0,0
BRDA:42,1,1,36
BRDA:47,2,0,36
BRDA:47,2,1,1
BRDA:48,3,0,36
BRDA:48,3,1,0
BRDA:49,4,0,36
BRDA:49,4,1,31
BRF:8
BRH:7
end_of_record
TN:
SF:/home/acer/Documents/dash.js-master/src/streaming/text/TextController.js
FN:38,_interopRequireDefault
FN:74,TextController
FN:102,setup
FN:135,onPeriodSwitchStarted
FN:141,onStreamCompleted
FN:147,onPeriodSwitchCompleted
FN:154,setConfig
FN:200,getTextSourceBuffer
FN:204,getAllTracksAreDisabled
FN:208,addEmbeddedTrack
FN:212,setTextDefaultLanguage
FN:221,setInitialSettings
FN:226,getTextDefaultLanguage
FN:230,onTextTracksAdded
FN:239,(anonymous_15)
FN:263,onCurrentTrackChanged
FN:276,setTextDefaultEnabled
FN:288,getTextDefaultEnabled
FN:292,enableText
FN:316,isTextEnabled
FN:325,enableForcedTextStreaming
FN:330,setTextTrack
FN:403,getCurrentTrackIdx
FN:407,resetInitialSettings
FN:413,reset
FNF:25
FNH:20
FNDA:8,_interopRequireDefault
FNDA:42,TextController
FNDA:42,setup
FNDA:0,onPeriodSwitchStarted
FNDA:1,onStreamCompleted
FNDA:0,onPeriodSwitchCompleted
FNDA:52,setConfig
FNDA:1,getTextSourceBuffer
FNDA:2,getAllTracksAreDisabled
FNDA:0,addEmbeddedTrack
FNDA:6,setTextDefaultLanguage
FNDA:2,setInitialSettings
FNDA:3,getTextDefaultLanguage
FNDA:9,onTextTracksAdded
FNDA:20,(anonymous_15)
FNDA:0,onCurrentTrackChanged
FNDA:6,setTextDefaultEnabled
FNDA:5,getTextDefaultEnabled
FNDA:6,enableText
FNDA:21,isTextEnabled
FNDA:0,enableForcedTextStreaming
FNDA:11,setTextTrack
FNDA:2,getCurrentTrackIdx
FNDA:58,resetInitialSettings
FNDA:16,reset
DA:33,1
DA:38,8
DA:40,1
DA:42,1
DA:44,1
DA:46,1
DA:48,1
DA:50,1
DA:52,1
DA:54,1
DA:56,1
DA:58,1
DA:60,1
DA:62,1
DA:64,1
DA:66,1
DA:68,1
DA:70,1
DA:72,1
DA:74,1
DA:76,42
DA:78,42
DA:102,1
DA:104,42
DA:105,42
DA:106,42
DA:107,42
DA:108,42
DA:109,42
DA:110,42
DA:111,42
DA:112,42
DA:113,42
DA:114,42
DA:116,42
DA:117,42
DA:118,42
DA:128,42
DA:129,42
DA:130,42
DA:132,42
DA:135,1
DA:136,0
DA:137,0
DA:141,1
DA:142,1
DA:143,1
DA:147,1
DA:148,0
DA:149,0
DA:150,0
DA:154,1
DA:155,52
DA:156,0
DA:158,52
DA:159,38
DA:161,52
DA:162,38
DA:164,52
DA:165,38
DA:167,52
DA:168,52
DA:170,52
DA:171,52
DA:173,52
DA:174,52
DA:176,52
DA:177,0
DA:179,52
DA:180,0
DA:182,52
DA:183,0
DA:187,52
DA:200,1
DA:201,1
DA:204,1
DA:205,2
DA:208,1
DA:209,0
DA:212,1
DA:213,6
DA:214,3
DA:215,1
DA:217,3
DA:218,3
DA:221,1
DA:222,2
DA:223,2
DA:226,1
DA:227,3
DA:230,1
DA:233,9
DA:235,9
DA:236,9
DA:238,9
DA:239,9
DA:241,20
DA:242,3
DA:243,3
DA:244,3
DA:249,9
DA:251,2
DA:254,9
DA:255,9
DA:260,9
DA:263,1
DA:264,0
DA:265,0
DA:266,0
DA:267,0
DA:276,1
DA:277,6
DA:278,3
DA:280,3
DA:282,2
DA:284,1
DA:288,1
DA:289,5
DA:292,1
DA:293,6
DA:294,3
DA:295,0
DA:297,3
DA:299,2
DA:301,1
DA:304,2
DA:306,1
DA:307,1
DA:308,0
DA:310,1
DA:316,1
DA:317,21
DA:318,21
DA:319,18
DA:321,21
DA:325,1
DA:326,0
DA:327,0
DA:330,1
DA:333,11
DA:334,11
DA:335,11
DA:336,11
DA:337,11
DA:340,11
DA:342,11
DA:343,11
DA:344,7
DA:345,4
DA:347,7
DA:348,7
DA:349,7
DA:351,7
DA:353,7
DA:354,0
DA:355,0
DA:356,0
DA:357,0
DA:358,0
DA:359,0
DA:360,0
DA:361,0
DA:362,0
DA:363,0
DA:364,0
DA:365,0
DA:369,0
DA:370,0
DA:371,0
DA:372,0
DA:373,0
DA:376,0
DA:377,0
DA:381,7
DA:382,0
DA:383,0
DA:384,0
DA:385,0
DA:386,0
DA:387,0
DA:391,0
DA:392,0
DA:393,0
DA:394,0
DA:395,0
DA:403,1
DA:404,2
DA:407,1
DA:408,58
DA:409,58
DA:410,58
DA:413,1
DA:414,16
DA:415,16
DA:416,16
DA:419,42
DA:436,42
DA:437,42
DA:440,1
DA:441,1
DA:442,1
LF:201
LH:153
BRDA:38,1,0,0
BRDA:38,1,1,8
BRDA:38,2,0,8
BRDA:38,2,1,8
BRDA:136,3,0,0
BRDA:136,3,1,0
BRDA:136,4,0,0
BRDA:136,4,1,0
BRDA:142,5,0,1
BRDA:142,5,1,0
BRDA:148,6,0,0
BRDA:148,6,1,0
BRDA:155,7,0,0
BRDA:155,7,1,52
BRDA:158,8,0,38
BRDA:158,8,1,14
BRDA:161,9,0,38
BRDA:161,9,1,14
BRDA:164,10,0,38
BRDA:164,10,1,14
BRDA:167,11,0,52
BRDA:167,11,1,0
BRDA:170,12,0,52
BRDA:170,12,1,0
BRDA:173,13,0,52
BRDA:173,13,1,0
BRDA:176,14,0,0
BRDA:176,14,1,52
BRDA:179,15,0,0
BRDA:179,15,1,52
BRDA:182,16,0,0
BRDA:182,16,1,52
BRDA:214,17,0,1
BRDA:214,17,1,2
BRDA:227,18,0,3
BRDA:227,18,1,1
BRDA:227,18,2,2
BRDA:238,19,0,9
BRDA:238,19,1,0
BRDA:241,20,0,3
BRDA:241,20,1,17
BRDA:249,21,0,2
BRDA:249,21,1,7
BRDA:249,22,0,9
BRDA:249,22,1,7
BRDA:249,22,2,0
BRDA:249,22,3,7
BRDA:264,23,0,0
BRDA:264,23,1,0
BRDA:264,24,0,0
BRDA:264,24,1,0
BRDA:264,24,2,0
BRDA:266,25,0,0
BRDA:266,25,1,0
BRDA:280,26,0,2
BRDA:280,26,1,1
BRDA:289,27,0,3
BRDA:289,27,1,2
BRDA:294,28,0,0
BRDA:294,28,1,3
BRDA:294,29,0,3
BRDA:294,29,1,0
BRDA:297,30,0,2
BRDA:297,30,1,1
BRDA:299,31,0,1
BRDA:299,31,1,1
BRDA:304,32,0,1
BRDA:304,32,1,1
BRDA:307,33,0,0
BRDA:307,33,1,1
BRDA:318,34,0,18
BRDA:318,34,1,3
BRDA:318,35,0,21
BRDA:318,35,1,18
BRDA:340,36,0,6
BRDA:340,36,1,5
BRDA:343,37,0,7
BRDA:343,37,1,4
BRDA:344,38,0,4
BRDA:344,38,1,3
BRDA:344,39,0,7
BRDA:344,39,1,4
BRDA:353,40,0,0
BRDA:353,40,1,7
BRDA:353,41,0,7
BRDA:353,41,1,0
BRDA:353,41,2,0
BRDA:356,42,0,0
BRDA:356,42,1,0
BRDA:356,43,0,0
BRDA:356,43,1,0
BRDA:356,43,2,0
BRDA:356,44,0,0
BRDA:356,44,1,0
BRDA:358,45,0,0
BRDA:358,45,1,0
BRDA:365,46,0,0
BRDA:365,46,1,0
BRDA:371,47,0,0
BRDA:371,47,1,0
BRDA:381,48,0,0
BRDA:381,48,1,7
BRDA:381,49,0,7
BRDA:381,49,1,0
BRDA:384,50,0,0
BRDA:384,50,1,0
BRDA:391,51,0,0
BRDA:391,51,1,0
BRDA:391,52,0,0
BRDA:391,52,1,0
BRDA:393,53,0,0
BRDA:393,53,1,0
BRDA:393,54,0,0
BRDA:393,54,1,0
BRF:114
BRH:60
end_of_record
TN:
SF:/home/acer/Documents/dash.js-master/src/streaming/text/TextSourceBuffer.js
FN:38,_interopRequireDefault
FN:98,TextSourceBuffer
FN:131,setup
FN:137,resetFragmented
FN:145,resetInitialSettings
FN:152,initialize
FN:169,addMediaInfos
FN:192,abort
FN:199,reset
FN:207,onVideoChunkReceived
FN:215,initEmbedded
FN:242,resetEmbedded
FN:254,addEmbeddedTrack
FN:272,setConfig
FN:305,getConfig
FN:315,setCurrentFragmentedTrackIdx
FN:319,createTextTrackFromMediaInfo
FN:322,getKind
FN:328,checkTTML
FN:355,append
FN:483,makeCueAdderForIndex
FN:484,newCue
FN:563,extractCea608Data
FN:597,sortField
FN:598,(anonymous_25)
FN:609,getIsDefault
FN:627,getParser
FN:637,remove
FN:646,onVideoBufferCleared
FN:647,(anonymous_30)
FNF:30
FNH:11
FNDA:14,_interopRequireDefault
FNDA:43,TextSourceBuffer
FNDA:43,setup
FNDA:59,resetFragmented
FNDA:59,resetInitialSettings
FNDA:0,initialize
FNDA:0,addMediaInfos
FNDA:0,abort
FNDA:16,reset
FNDA:0,onVideoChunkReceived
FNDA:0,initEmbedded
FNDA:16,resetEmbedded
FNDA:0,addEmbeddedTrack
FNDA:53,setConfig
FNDA:11,getConfig
FNDA:0,setCurrentFragmentedTrackIdx
FNDA:0,createTextTrackFromMediaInfo
FNDA:0,getKind
FNDA:0,checkTTML
FNDA:1,append
FNDA:0,makeCueAdderForIndex
FNDA:0,newCue
FNDA:0,extractCea608Data
FNDA:0,sortField
FNDA:0,(anonymous_25)
FNDA:0,getIsDefault
FNDA:1,getParser
FNDA:0,remove
FNDA:0,onVideoBufferCleared
FNDA:0,(anonymous_30)
DA:33,1
DA:38,14
DA:40,1
DA:42,1
DA:44,1
DA:46,1
DA:48,1
DA:50,1
DA:52,1
DA:54,1
DA:56,1
DA:58,1
DA:60,1
DA:62,1
DA:64,1
DA:66,1
DA:68,1
DA:70,1
DA:72,1
DA:74,1
DA:76,1
DA:78,1
DA:80,1
DA:82,1
DA:84,1
DA:86,1
DA:88,1
DA:90,1
DA:92,1
DA:94,1
DA:96,1
DA:98,1
DA:100,43
DA:101,43
DA:102,43
DA:104,43
DA:131,1
DA:132,43
DA:134,43
DA:137,1
DA:138,59
DA:139,59
DA:140,59
DA:141,59
DA:142,59
DA:145,1
DA:146,59
DA:148,59
DA:149,59
DA:152,1
DA:153,0
DA:154,0
DA:157,0
DA:160,0
DA:162,0
DA:163,0
DA:166,0
DA:169,1
DA:170,0
DA:172,0
DA:174,0
DA:175,0
DA:176,0
DA:177,0
DA:178,0
DA:179,0
DA:180,0
DA:181,0
DA:182,0
DA:187,0
DA:188,0
DA:192,1
DA:193,0
DA:194,0
DA:195,0
DA:196,0
DA:199,1
DA:200,16
DA:202,16
DA:203,16
DA:204,16
DA:207,1
DA:208,0
DA:210,0
DA:211,0
DA:215,1
DA:216,0
DA:217,0
DA:218,0
DA:221,0
DA:222,0
DA:223,0
DA:224,0
DA:225,0
DA:226,0
DA:227,0
DA:228,0
DA:230,0
DA:231,0
DA:232,0
DA:233,0
DA:234,0
DA:238,0
DA:239,0
DA:242,1
DA:243,16
DA:244,16
DA:245,16
DA:246,16
DA:248,16
DA:249,16
DA:250,16
DA:251,16
DA:254,1
DA:255,0
DA:256,0
DA:258,0
DA:259,0
DA:260,0
DA:261,0
DA:262,0
DA:265,0
DA:267,0
DA:272,1
DA:273,53
DA:274,0
DA:276,53
DA:277,39
DA:279,53
DA:280,39
DA:282,53
DA:283,38
DA:285,53
DA:286,52
DA:288,53
DA:289,52
DA:291,53
DA:292,53
DA:294,53
DA:295,52
DA:297,53
DA:298,52
DA:300,53
DA:301,53
DA:305,1
DA:306,11
DA:312,11
DA:315,1
DA:316,0
DA:319,1
DA:320,0
DA:321,0
DA:322,0
DA:323,0
DA:324,0
DA:325,0
DA:328,0
DA:329,0
DA:330,0
DA:331,0
DA:333,0
DA:334,0
DA:336,0
DA:339,0
DA:340,0
DA:341,0
DA:342,0
DA:343,0
DA:344,0
DA:345,0
DA:346,0
DA:347,0
DA:348,0
DA:349,0
DA:350,0
DA:351,0
DA:352,0
DA:355,1
DA:356,1
DA:363,1
DA:364,1
DA:365,1
DA:366,1
DA:367,1
DA:368,0
DA:369,0
DA:372,1
DA:373,0
DA:374,0
DA:375,0
DA:377,0
DA:378,0
DA:380,0
DA:381,0
DA:382,0
DA:383,0
DA:385,0
DA:386,0
DA:387,0
DA:388,0
DA:389,0
DA:390,0
DA:391,0
DA:392,0
DA:393,0
DA:394,0
DA:395,0
DA:396,0
DA:397,0
DA:398,0
DA:399,0
DA:400,0
DA:402,0
DA:404,0
DA:405,0
DA:406,0
DA:407,0
DA:409,0
DA:410,0
DA:411,0
DA:416,0
DA:417,0
DA:418,0
DA:419,0
DA:420,0
DA:421,0
DA:423,0
DA:425,0
DA:426,0
DA:427,0
DA:428,0
DA:429,0
DA:431,0
DA:432,0
DA:433,0
DA:434,0
DA:435,0
DA:436,0
DA:437,0
DA:438,0
DA:439,0
DA:440,0
DA:441,0
DA:447,0
DA:453,0
DA:454,0
DA:458,1
DA:459,1
DA:460,1
DA:462,1
DA:463,1
DA:464,0
DA:466,1
DA:468,0
DA:470,0
DA:471,0
DA:472,0
DA:473,0
DA:474,0
DA:479,0
DA:480,0
DA:481,0
DA:483,0
DA:484,1
DA:485,0
DA:486,0
DA:487,0
DA:489,0
DA:490,0
DA:497,0
DA:498,0
DA:501,0
DA:504,0
DA:506,0
DA:508,0
DA:510,0
DA:513,0
DA:514,0
DA:515,0
DA:516,0
DA:517,0
DA:518,0
DA:519,0
DA:521,0
DA:522,0
DA:523,0
DA:525,0
DA:526,0
DA:532,0
DA:533,0
DA:534,0
DA:535,0
DA:536,0
DA:541,0
DA:543,0
DA:544,0
DA:545,0
DA:546,0
DA:547,0
DA:548,0
DA:552,0
DA:563,1
DA:564,0
DA:565,0
DA:568,0
DA:572,0
DA:573,0
DA:574,0
DA:575,0
DA:576,0
DA:577,0
DA:578,0
DA:579,0
DA:580,0
DA:581,0
DA:582,0
DA:583,0
DA:585,0
DA:587,0
DA:588,0
DA:597,0
DA:598,0
DA:599,0
DA:600,0
DA:602,0
DA:606,0
DA:609,1
DA:613,0
DA:614,0
DA:615,0
DA:616,0
DA:617,0
DA:619,0
DA:621,0
DA:622,0
DA:624,0
DA:627,1
DA:628,1
DA:629,1
DA:630,0
DA:631,1
DA:632,1
DA:634,1
DA:637,1
DA:639,0
DA:640,0
DA:641,0
DA:643,0
DA:646,1
DA:647,0
DA:648,0
DA:649,0
DA:650,0
DA:655,43
DA:668,43
DA:670,43
DA:673,1
DA:674,1
DA:675,1
LF:359
LH:125
BRDA:38,1,0,0
BRDA:38,1,1,14
BRDA:38,2,0,14
BRDA:38,2,1,14
BRDA:153,3,0,0
BRDA:153,3,1,0
BRDA:162,4,0,0
BRDA:162,4,1,0
BRDA:174,5,0,0
BRDA:174,5,1,0
BRDA:180,6,0,0
BRDA:180,6,1,0
BRDA:210,7,0,0
BRDA:210,7,1,0
BRDA:232,8,0,0
BRDA:232,8,1,0
BRDA:245,9,0,16
BRDA:245,9,1,0
BRDA:255,10,0,0
BRDA:255,10,1,0
BRDA:258,11,0,0
BRDA:258,11,1,0
BRDA:259,12,0,0
BRDA:259,12,1,0
BRDA:259,13,0,0
BRDA:259,13,1,0
BRDA:261,14,0,0
BRDA:261,14,1,0
BRDA:273,15,0,0
BRDA:273,15,1,53
BRDA:276,16,0,39
BRDA:276,16,1,14
BRDA:279,17,0,39
BRDA:279,17,1,14
BRDA:282,18,0,38
BRDA:282,18,1,15
BRDA:285,19,0,52
BRDA:285,19,1,1
BRDA:288,20,0,52
BRDA:288,20,1,1
BRDA:291,21,0,53
BRDA:291,21,1,0
BRDA:294,22,0,52
BRDA:294,22,1,1
BRDA:297,23,0,52
BRDA:297,23,1,1
BRDA:300,24,0,53
BRDA:300,24,1,0
BRDA:323,25,0,0
BRDA:323,25,1,0
BRDA:324,26,0,0
BRDA:324,26,1,0
BRDA:324,27,0,0
BRDA:324,27,1,0
BRDA:330,28,0,0
BRDA:330,28,1,0
BRDA:330,29,0,0
BRDA:330,29,1,0
BRDA:333,30,0,0
BRDA:333,30,1,0
BRDA:333,31,0,0
BRDA:333,31,1,0
BRDA:342,32,0,0
BRDA:342,32,1,0
BRDA:347,33,0,0
BRDA:347,33,1,0
BRDA:351,34,0,0
BRDA:351,34,1,0
BRDA:366,35,0,1
BRDA:366,35,1,0
BRDA:367,36,0,0
BRDA:367,36,1,1
BRDA:372,37,0,0
BRDA:372,37,1,1
BRDA:373,38,0,0
BRDA:373,38,1,0
BRDA:373,39,0,0
BRDA:373,39,1,0
BRDA:377,40,0,0
BRDA:377,40,1,0
BRDA:382,41,0,0
BRDA:382,41,1,0
BRDA:382,42,0,0
BRDA:382,42,1,0
BRDA:385,43,0,0
BRDA:385,43,1,0
BRDA:386,44,0,0
BRDA:386,44,1,0
BRDA:405,45,0,0
BRDA:405,45,1,0
BRDA:428,46,0,0
BRDA:428,46,1,0
BRDA:431,47,0,0
BRDA:431,47,1,0
BRDA:436,48,0,0
BRDA:436,48,1,0
BRDA:453,49,0,0
BRDA:453,49,1,0
BRDA:458,50,0,1
BRDA:458,50,1,0
BRDA:468,51,0,0
BRDA:468,51,1,0
BRDA:470,52,0,0
BRDA:470,52,1,0
BRDA:471,53,0,0
BRDA:471,53,1,0
BRDA:479,54,0,0
BRDA:479,54,1,0
BRDA:486,55,0,0
BRDA:486,55,1,0
BRDA:497,56,0,0
BRDA:497,56,1,0
BRDA:508,57,0,0
BRDA:508,57,1,0
BRDA:508,58,0,0
BRDA:508,58,1,0
BRDA:514,59,0,0
BRDA:514,59,1,0
BRDA:517,60,0,0
BRDA:517,60,1,0
BRDA:521,61,0,0
BRDA:521,61,1,0
BRDA:532,62,0,0
BRDA:532,62,1,0
BRDA:533,63,0,0
BRDA:533,63,1,0
BRDA:533,64,0,0
BRDA:533,64,1,0
BRDA:535,65,0,0
BRDA:535,65,1,0
BRDA:546,66,0,0
BRDA:546,66,1,0
BRDA:564,67,0,0
BRDA:564,67,1,0
BRDA:581,68,0,0
BRDA:581,68,1,0
BRDA:582,69,0,0
BRDA:582,69,1,0
BRDA:599,70,0,0
BRDA:599,70,1,0
BRDA:614,71,0,0
BRDA:614,71,1,0
BRDA:614,72,0,0
BRDA:614,72,1,0
BRDA:615,73,0,0
BRDA:615,73,1,0
BRDA:616,74,0,0
BRDA:616,74,1,0
BRDA:617,75,0,0
BRDA:617,75,1,0
BRDA:617,76,0,0
BRDA:617,76,1,0
BRDA:617,76,2,0
BRDA:621,77,0,0
BRDA:621,77,1,0
BRDA:629,78,0,0
BRDA:629,78,1,1
BRDA:631,79,0,1
BRDA:631,79,1,0
BRDA:631,80,0,1
BRDA:631,80,1,0
BRDA:639,81,0,0
BRDA:639,81,1,0
BRDA:639,82,0,0
BRDA:639,82,1,0
BRDA:649,83,0,0
BRDA:649,83,1,0
BRF:167
BRH:29
end_of_record
TN:
SF:/home/acer/Documents/dash.js-master/src/streaming/vo/TextTrackInfo.js
FN:42,_classCallCheck
FN:44,TextTrackInfo
FNF:2
FNH:1
FNDA:0,_classCallCheck
FNDA:0,TextTrackInfo
DA:37,1
DA:42,1
DA:44,1
DA:45,0
DA:47,0
DA:48,0
DA:49,0
DA:50,0
DA:51,0
DA:52,0
DA:53,0
DA:56,1
DA:57,1
LF:13
LH:5
BRDA:42,1,0,0
BRDA:42,1,1,0
BRF:2
BRH:2
end_of_record
TN:
SF:/home/acer/Documents/dash.js-master/src/streaming/utils/BoxParser.js
FN:39,_interopRequireDefault
FN:61,BoxParser
FN:67,setup
FN:76,parse
FN:100,findLastTopIsoBoxCompleted
FN:139,getSamplesInfo
FN:234,getMediaTimescaleFromMoov
FN:241,parseUint32
FN:245,parseIsoBoxType
FN:249,findInitRange
FNF:10
FNH:10
FNDA:5,_interopRequireDefault
FNDA:39,BoxParser
FNDA:39,setup
FNDA:3,parse
FNDA:10,findLastTopIsoBoxCompleted
FNDA:1,getSamplesInfo
FNDA:1,getMediaTimescaleFromMoov
FNDA:14,parseUint32
FNDA:14,parseIsoBoxType
FNDA:2,findInitRange
DA:34,1
DA:39,5
DA:41,1
DA:43,1
DA:45,1
DA:47,1
DA:49,1
DA:51,1
DA:53,1
DA:55,1
DA:57,1
DA:59,1
DA:61,1
DA:63,39
DA:65,39
DA:67,1
DA:68,39
DA:76,1
DA:77,3
DA:79,1
DA:80,1
DA:83,1
DA:84,1
DA:86,1
DA:88,1
DA:100,1
DA:101,10
DA:102,7
DA:106,10
DA:107,4
DA:110,6
DA:111,6
DA:112,6
DA:113,6
DA:114,14
DA:115,14
DA:117,14
DA:118,0
DA:121,14
DA:122,12
DA:123,4
DA:125,8
DA:129,14
DA:132,6
DA:133,2
DA:136,4
DA:139,1
DA:140,1
DA:141,1
DA:143,0
DA:145,0
DA:147,0
DA:149,0
DA:167,0
DA:168,0
DA:169,0
DA:171,0
DA:172,0
DA:173,0
DA:174,0
DA:175,0
DA:177,0
DA:178,0
DA:179,0
DA:181,0
DA:183,0
DA:184,0
DA:186,0
DA:188,0
DA:189,0
DA:190,0
DA:191,0
DA:192,0
DA:194,0
DA:195,0
DA:196,0
DA:197,0
DA:198,0
DA:199,0
DA:207,0
DA:208,0
DA:209,0
DA:210,0
DA:211,0
DA:212,0
DA:214,0
DA:215,0
DA:216,0
DA:217,0
DA:218,0
DA:223,0
DA:224,0
DA:225,0
DA:228,0
DA:231,0
DA:234,1
DA:235,1
DA:236,1
DA:238,1
DA:241,1
DA:242,14
DA:245,1
DA:246,14
DA:249,1
DA:250,2
DA:251,2
DA:254,2
DA:256,2
DA:257,1
DA:260,1
DA:261,1
DA:263,1
DA:265,1
DA:266,1
DA:267,1
DA:268,1
DA:270,1
DA:273,1
DA:276,39
DA:284,39
DA:286,39
DA:288,1
DA:289,1
DA:290,1
LF:124
LH:77
BRDA:39,1,0,0
BRDA:39,1,1,5
BRDA:39,2,0,5
BRDA:39,2,1,5
BRDA:77,3,0,2
BRDA:77,3,1,1
BRDA:79,4,0,1
BRDA:79,4,1,0
BRDA:101,5,0,7
BRDA:101,5,1,3
BRDA:106,6,0,4
BRDA:106,6,1,6
BRDA:106,7,0,10
BRDA:106,7,1,9
BRDA:110,8,0,6
BRDA:110,8,1,0
BRDA:117,9,0,0
BRDA:117,9,1,14
BRDA:121,10,0,12
BRDA:121,10,1,2
BRDA:122,11,0,4
BRDA:122,11,1,8
BRDA:132,12,0,2
BRDA:132,12,1,4
BRDA:140,13,0,1
BRDA:140,13,1,0
BRDA:140,14,0,1
BRDA:140,14,1,0
BRDA:192,15,0,0
BRDA:192,15,1,0
BRDA:192,16,0,0
BRDA:192,16,1,0
BRDA:196,17,0,0
BRDA:196,17,1,0
BRDA:197,18,0,0
BRDA:197,18,1,0
BRDA:198,19,0,0
BRDA:198,19,1,0
BRDA:207,20,0,0
BRDA:207,20,1,0
BRDA:210,21,0,0
BRDA:210,21,1,0
BRDA:210,22,0,0
BRDA:210,22,1,0
BRDA:214,23,0,0
BRDA:214,23,1,0
BRDA:236,24,0,0
BRDA:236,24,1,1
BRDA:238,25,0,0
BRDA:238,25,1,1
BRDA:256,26,0,1
BRDA:256,26,1,1
BRDA:265,27,0,1
BRDA:265,27,1,0
BRDA:265,28,0,1
BRDA:265,28,1,1
BRDA:266,29,0,1
BRDA:266,29,1,0
BRF:58
BRH:31
end_of_record
TN:
SF:/home/acer/Documents/dash.js-master/src/streaming/utils/IsoFile.js
FN:39,_interopRequireDefault
FN:49,IsoFile
FN:59,getBox
FN:70,getBoxes
FN:95,setData
FN:103,getLastBox
FN:112,convertToDashIsoBox
FNF:7
FNH:7
FNDA:2,_interopRequireDefault
FNDA:2,IsoFile
FNDA:9,getBox
FNDA:5,getBoxes
FNDA:8,setData
FNDA:3,getLastBox
FNDA:5,convertToDashIsoBox
DA:34,1
DA:39,2
DA:41,1
DA:43,1
DA:45,1
DA:47,1
DA:49,1
DA:51,2
DA:59,1
DA:60,9
DA:62,4
DA:70,1
DA:71,5
DA:73,5
DA:74,3
DA:77,2
DA:78,2
DA:80,2
DA:81,1
DA:83,1
DA:84,1
DA:88,2
DA:95,1
DA:96,8
DA:103,1
DA:104,3
DA:106,2
DA:107,2
DA:109,2
DA:112,1
DA:113,5
DA:115,4
DA:117,4
DA:118,0
DA:121,4
DA:124,2
DA:131,2
DA:133,1
DA:134,1
DA:135,1
LF:40
LH:39
BRDA:39,1,0,0
BRDA:39,1,1,2
BRDA:39,2,0,2
BRDA:39,2,1,2
BRDA:60,3,0,5
BRDA:60,3,1,4
BRDA:60,4,0,9
BRDA:60,4,1,8
BRDA:60,4,2,7
BRDA:60,4,3,6
BRDA:60,4,4,5
BRDA:73,5,0,3
BRDA:73,5,1,2
BRDA:73,6,0,5
BRDA:73,6,1,4
BRDA:73,6,2,3
BRDA:83,7,0,1
BRDA:83,7,1,0
BRDA:104,8,0,1
BRDA:104,8,1,2
BRDA:104,9,0,3
BRDA:104,9,1,2
BRDA:104,9,2,2
BRDA:109,10,0,1
BRDA:109,10,1,1
BRDA:113,11,0,1
BRDA:113,11,1,4
BRDA:117,12,0,0
BRDA:117,12,1,4
BRF:29
BRH:27
end_of_record
TN:
SF:/home/acer/Documents/dash.js-master/src/streaming/vo/IsoBox.js
FN:42,(anonymous_1)
FN:42,defineProperties
FN:42,(anonymous_3)
FN:46,_classCallCheck
FN:48,(anonymous_5)
FN:49,IsoBox
FN:137,getChildBox
FN:146,getChildBoxes
FNF:8
FNH:6
FNDA:1,(anonymous_1)
FNDA:1,defineProperties
FNDA:1,(anonymous_3)
FNDA:28,_classCallCheck
FNDA:1,(anonymous_5)
FNDA:28,IsoBox
FNDA:0,getChildBox
FNDA:0,getChildBoxes
DA:37,1
DA:42,2
DA:46,28
DA:48,1
DA:49,1
DA:50,28
DA:52,28
DA:53,28
DA:54,28
DA:55,28
DA:56,28
DA:57,9
DA:58,24
DA:61,28
DA:63,28
DA:65,0
DA:66,0
DA:67,0
DA:68,0
DA:69,0
DA:70,0
DA:71,0
DA:72,0
DA:77,0
DA:80,0
DA:82,0
DA:83,0
DA:84,0
DA:85,0
DA:86,0
DA:87,0
DA:88,0
DA:89,0
DA:90,0
DA:92,1
DA:93,1
DA:95,1
DA:96,1
DA:98,0
DA:99,0
DA:100,0
DA:102,0
DA:103,0
DA:104,0
DA:105,0
DA:106,0
DA:107,0
DA:108,0
DA:110,0
DA:111,0
DA:112,0
DA:113,0
DA:115,0
DA:116,0
DA:117,0
DA:118,0
DA:119,0
DA:120,0
DA:121,0
DA:122,0
DA:123,0
DA:128,0
DA:131,0
DA:135,1
DA:138,0
DA:139,0
DA:140,0
DA:147,0
DA:148,0
DA:149,0
DA:150,0
DA:153,0
DA:157,1
DA:160,1
DA:161,1
LF:75
LH:23
BRDA:42,1,0,2
BRDA:42,1,1,2
BRDA:42,2,0,2
BRDA:42,2,1,0
BRDA:42,3,0,1
BRDA:42,3,1,0
BRDA:42,4,0,0
BRDA:42,4,1,1
BRDA:46,5,0,0
BRDA:46,5,1,28
BRDA:56,6,0,9
BRDA:56,6,1,19
BRDA:63,7,0,0
BRDA:63,7,1,0
BRDA:63,7,2,1
BRDA:63,7,3,1
BRDA:63,7,4,0
BRDA:63,7,5,0
BRDA:63,7,6,0
BRDA:63,7,7,0
BRDA:69,8,0,0
BRDA:69,8,1,0
BRDA:83,9,0,0
BRDA:83,9,1,0
BRDA:87,10,0,0
BRDA:87,10,1,0
BRDA:120,11,0,0
BRDA:120,11,1,0
BRDA:139,12,0,0
BRDA:139,12,1,0
BRDA:149,13,0,0
BRDA:149,13,1,0
BRF:32
BRH:14
end_of_record
TN:
SF:/home/acer/Documents/dash.js-master/src/streaming/vo/IsoBoxSearchInfo.js
FN:42,_classCallCheck
FN:44,IsoBoxSearchInfo
FNF:2
FNH:2
FNDA:10,_classCallCheck
FNDA:10,IsoBoxSearchInfo
DA:37,1
DA:42,10
DA:44,1
DA:45,10
DA:47,10
DA:48,10
DA:49,10
DA:52,1
DA:53,1
LF:9
LH:9
BRDA:42,1,0,0
BRDA:42,1,1,10
BRF:2
BRH:2
end_of_record
TN:
SF:/home/acer/Documents/dash.js-master/src/streaming/utils/CustomTimeRanges.js
FN:38,_interopRequireDefault
FN:46,CustomTimeRanges
FN:50,add
FN:65,clear
FN:70,remove
FN:109,mergeRanges
FN:139,start
FN:149,end
FNF:8
FNH:6
FNDA:1,_interopRequireDefault
FNDA:1,CustomTimeRanges
FNDA:1,add
FNDA:1,clear
FNDA:0,remove
FNDA:0,mergeRanges
FNDA:3,start
FNDA:3,end
DA:33,1
DA:38,1
DA:40,1
DA:42,1
DA:44,1
DA:46,1
DA:47,1
DA:48,1
DA:50,1
DA:51,1
DA:53,1
DA:55,1
DA:57,1
DA:58,0
DA:59,0
DA:62,1
DA:65,1
DA:66,1
DA:67,1
DA:70,1
DA:71,0
DA:72,0
DA:81,0
DA:82,0
DA:83,0
DA:86,0
DA:87,0
DA:88,0
DA:89,0
DA:95,0
DA:96,0
DA:102,0
DA:106,0
DA:109,1
DA:110,0
DA:111,0
DA:113,0
DA:116,0
DA:117,0
DA:118,0
DA:119,0
DA:122,0
DA:123,0
DA:124,0
DA:125,0
DA:128,0
DA:129,0
DA:130,0
DA:133,0
DA:134,0
DA:136,0
DA:139,1
DA:140,3
DA:142,2
DA:143,1
DA:146,1
DA:149,1
DA:150,3
DA:152,2
DA:153,1
DA:156,1
DA:159,1
DA:170,1
DA:171,1
DA:172,1
LF:65
LH:33
BRDA:38,1,0,0
BRDA:38,1,1,1
BRDA:38,2,0,1
BRDA:38,2,1,1
BRDA:53,3,0,1
BRDA:53,3,1,0
BRDA:58,4,0,0
BRDA:58,4,1,0
BRDA:72,5,0,0
BRDA:72,5,1,0
BRDA:72,6,0,0
BRDA:72,6,1,0
BRDA:83,7,0,0
BRDA:83,7,1,0
BRDA:83,8,0,0
BRDA:83,8,1,0
BRDA:89,9,0,0
BRDA:89,9,1,0
BRDA:89,10,0,0
BRDA:89,10,1,0
BRDA:96,11,0,0
BRDA:96,11,1,0
BRDA:96,12,0,0
BRDA:96,12,1,0
BRDA:113,13,0,0
BRDA:113,13,1,0
BRDA:113,14,0,0
BRDA:113,14,1,0
BRDA:113,14,2,0
BRDA:119,15,0,0
BRDA:119,15,1,0
BRDA:119,16,0,0
BRDA:119,16,1,0
BRDA:119,16,2,0
BRDA:125,17,0,0
BRDA:125,17,1,0
BRDA:125,18,0,0
BRDA:125,18,1,0
BRDA:125,18,2,0
BRDA:130,19,0,0
BRDA:130,19,1,0
BRDA:130,20,0,0
BRDA:130,20,1,0
BRDA:130,20,2,0
BRDA:142,21,0,1
BRDA:142,21,1,1
BRDA:142,22,0,2
BRDA:142,22,1,1
BRDA:152,23,0,1
BRDA:152,23,1,1
BRDA:152,24,0,2
BRDA:152,24,1,1
BRF:52
BRH:13
end_of_record
TN:
SF:/home/acer/Documents/dash.js-master/src/streaming/utils/SupervisorTools.js
FN:42,_interopRequireDefault
FN:48,checkParameterType
FN:54,checkInteger
FN:62,checkRange
FN:68,checkIsVideoOrAudioType
FNF:5
FNH:3
FNDA:1,_interopRequireDefault
FNDA:85,checkParameterType
FNDA:17,checkInteger
FNDA:0,checkRange
FNDA:0,checkIsVideoOrAudioType
DA:33,1
DA:36,1
DA:37,1
DA:38,1
DA:39,1
DA:42,1
DA:44,1
DA:46,1
DA:48,1
DA:49,85
DA:50,29
DA:54,1
DA:55,17
DA:57,17
DA:58,8
DA:62,1
DA:63,0
DA:64,0
DA:68,1
DA:69,0
DA:70,0
LF:21
LH:17
BRDA:42,1,0,0
BRDA:42,1,1,1
BRDA:42,2,0,1
BRDA:42,2,1,1
BRDA:49,3,0,29
BRDA:49,3,1,56
BRDA:55,4,0,17
BRDA:55,4,1,16
BRDA:55,4,2,10
BRDA:57,5,0,8
BRDA:57,5,1,9
BRDA:63,6,0,0
BRDA:63,6,1,0
BRDA:63,7,0,0
BRDA:63,7,1,0
BRDA:69,8,0,0
BRDA:69,8,1,0
BRDA:69,9,0,0
BRDA:69,9,1,0
BRDA:69,9,2,0
BRF:20
BRH:11
end_of_record
TN:
SF:/home/acer/Documents/dash.js-master/src/streaming/text/TextTracks.js
FN:38,_interopRequireDefault
FN:64,TextTracks
FN:87,setup
FN:91,initialize
FN:123,createTrackForUserAgent
FN:133,setDisplayCConTop
FN:142,addTextTrack
FN:155,(anonymous_8)
FN:156,(anonymous_9)
FN:193,(anonymous_10)
FN:195,onMetadataLoaded
FN:222,getVideoVisibleVideoSize
FN:270,checkVideoSize
FN:326,scaleCue
FN:404,renderCaption
FN:408,(anonymous_16)
FN:425,(anonymous_17)
FN:437,addCaptions
FN:475,(anonymous_19)
FN:488,(anonymous_20)
FN:517,(anonymous_21)
FN:540,getTrackByIdx
FN:544,getCurrentTrackIdx
FN:548,getTrackIdxForId
FN:560,setCurrentTrackIdx
FN:579,setCueStyleOnTrack
FN:592,cueInRange
FN:596,deleteTrackCues
FN:609,deleteCuesFromTrackIdx
FN:616,deleteAllTextTracks
FN:635,deleteTextTrack
FN:641,setNativeCueStyle
FN:668,removeNativeCueStyle
FN:675,clearCaptionContainer
FN:683,setConfig
FN:692,setModeForTrackIdx
FN:699,getCurrentTrackInfo
FNF:37
FNH:26
FNDA:5,_interopRequireDefault
FNDA:43,TextTracks
FNDA:43,setup
FNDA:46,initialize
FNDA:12,createTrackForUserAgent
FNDA:3,setDisplayCConTop
FNDA:12,addTextTrack
FNDA:7,(anonymous_8)
FNDA:5,(anonymous_9)
FNDA:7,(anonymous_10)
FNDA:0,onMetadataLoaded
FNDA:7,getVideoVisibleVideoSize
FNDA:7,checkVideoSize
FNDA:0,scaleCue
FNDA:0,renderCaption
FNDA:0,(anonymous_16)
FNDA:0,(anonymous_17)
FNDA:13,addCaptions
FNDA:0,(anonymous_19)
FNDA:0,(anonymous_20)
FNDA:0,(anonymous_21)
FNDA:77,getTrackByIdx
FNDA:14,getCurrentTrackIdx
FNDA:1,getTrackIdxForId
FNDA:14,setCurrentTrackIdx
FNDA:14,setCueStyleOnTrack
FNDA:0,cueInRange
FNDA:12,deleteTrackCues
FNDA:0,deleteCuesFromTrackIdx
FNDA:34,deleteAllTextTracks
FNDA:0,deleteTextTrack
FNDA:7,setNativeCueStyle
FNDA:7,removeNativeCueStyle
FNDA:48,clearCaptionContainer
FNDA:18,setConfig
FNDA:14,setModeForTrackIdx
FNDA:7,getCurrentTrackInfo
DA:33,1
DA:38,5
DA:40,1
DA:42,1
DA:44,1
DA:46,1
DA:48,1
DA:50,1
DA:52,1
DA:54,1
DA:56,1
DA:58,1
DA:60,1
DA:62,1
DA:64,1
DA:66,43
DA:67,43
DA:69,43
DA:87,1
DA:88,43
DA:91,1
DA:92,46
DA:93,42
DA:96,4
DA:97,4
DA:98,4
DA:99,4
DA:100,4
DA:101,4
DA:102,4
DA:103,4
DA:104,4
DA:105,4
DA:106,4
DA:107,4
DA:108,4
DA:110,4
DA:111,0
DA:112,4
DA:113,0
DA:114,4
DA:116,0
DA:117,4
DA:119,0
DA:123,1
DA:124,12
DA:125,12
DA:126,12
DA:127,12
DA:128,12
DA:129,12
DA:130,12
DA:133,1
DA:134,3
DA:135,0
DA:136,0
DA:137,0
DA:139,0
DA:142,1
DA:145,12
DA:147,12
DA:148,0
DA:149,0
DA:152,12
DA:154,12
DA:155,7
DA:156,7
DA:158,5
DA:160,7
DA:161,7
DA:162,7
DA:163,12
DA:164,12
DA:166,12
DA:170,7
DA:171,7
DA:174,12
DA:175,12
DA:178,12
DA:179,12
DA:180,12
DA:182,0
DA:185,12
DA:186,12
DA:190,7
DA:192,7
DA:193,7
DA:195,7
DA:196,0
DA:197,0
DA:198,0
DA:200,0
DA:203,7
DA:205,7
DA:206,12
DA:207,12
DA:208,12
DA:214,7
DA:222,1
DA:223,7
DA:224,7
DA:226,7
DA:227,7
DA:229,7
DA:230,0
DA:231,0
DA:233,7
DA:234,7
DA:237,7
DA:238,7
DA:239,7
DA:240,7
DA:241,7
DA:243,7
DA:244,0
DA:245,0
DA:247,7
DA:248,7
DA:250,7
DA:251,7
DA:253,7
DA:254,0
DA:261,7
DA:270,1
DA:271,7
DA:272,7
DA:273,7
DA:274,7
DA:275,7
DA:276,7
DA:278,7
DA:280,7
DA:281,7
DA:282,7
DA:284,0
DA:285,0
DA:288,7
DA:290,7
DA:291,7
DA:292,7
DA:293,7
DA:295,7
DA:296,7
DA:297,7
DA:298,7
DA:299,7
DA:301,7
DA:302,7
DA:303,7
DA:304,0
DA:305,0
DA:306,0
DA:307,0
DA:308,0
DA:309,0
DA:314,7
DA:315,7
DA:316,0
DA:317,0
DA:318,0
DA:319,0
DA:326,1
DA:327,0
DA:328,0
DA:329,0
DA:335,0
DA:336,0
DA:337,0
DA:338,0
DA:339,0
DA:340,0
DA:341,0
DA:343,0
DA:344,0
DA:345,0
DA:346,0
DA:352,0
DA:353,0
DA:354,0
DA:355,0
DA:356,0
DA:357,0
DA:358,0
DA:361,0
DA:363,0
DA:364,0
DA:366,0
DA:369,0
DA:370,0
DA:375,0
DA:376,0
DA:377,0
DA:378,0
DA:379,0
DA:380,0
DA:381,0
DA:384,0
DA:385,0
DA:386,0
DA:387,0
DA:395,0
DA:396,0
DA:397,0
DA:398,0
DA:400,0
DA:404,1
DA:405,0
DA:406,0
DA:407,0
DA:408,0
DA:409,0
DA:410,0
DA:411,0
DA:412,0
DA:413,0
DA:414,0
DA:415,0
DA:416,0
DA:417,0
DA:418,0
DA:419,0
DA:420,0
DA:421,0
DA:423,0
DA:426,0
DA:429,0
DA:430,0
DA:437,1
DA:438,13
DA:439,13
DA:441,13
DA:442,0
DA:445,13
DA:446,12
DA:449,1
DA:450,1
DA:451,1
DA:453,1
DA:454,1
DA:456,1
DA:457,0
DA:458,0
DA:459,0
DA:460,0
DA:461,0
DA:462,0
DA:463,0
DA:465,0
DA:466,0
DA:467,0
DA:468,0
DA:470,0
DA:471,0
DA:472,0
DA:473,0
DA:475,0
DA:476,0
DA:477,0
DA:478,0
DA:479,0
DA:481,0
DA:482,0
DA:483,0
DA:488,0
DA:489,0
DA:490,0
DA:491,0
DA:492,0
DA:493,0
DA:494,0
DA:495,0
DA:501,1
DA:502,1
DA:503,1
DA:504,0
DA:505,0
DA:507,0
DA:508,0
DA:510,0
DA:511,0
DA:513,0
DA:514,0
DA:517,1
DA:518,0
DA:519,0
DA:524,1
DA:525,1
DA:526,1
DA:528,0
DA:533,0
DA:534,0
DA:535,0
DA:540,1
DA:541,77
DA:544,1
DA:545,14
DA:548,1
DA:549,1
DA:550,1
DA:551,0
DA:552,0
DA:553,0
DA:557,1
DA:560,1
DA:561,14
DA:562,0
DA:564,14
DA:565,14
DA:566,14
DA:568,14
DA:569,2
DA:570,2
DA:573,14
DA:574,7
DA:575,7
DA:579,1
DA:580,14
DA:581,14
DA:582,7
DA:583,7
DA:585,0
DA:588,7
DA:592,1
DA:593,0
DA:596,1
DA:597,12
DA:598,0
DA:599,0
DA:601,0
DA:602,0
DA:603,0
DA:609,1
DA:610,0
DA:611,0
DA:612,0
DA:616,1
DA:617,34
DA:618,34
DA:619,12
DA:620,12
DA:621,12
DA:622,12
DA:625,34
DA:626,34
DA:627,34
DA:628,5
DA:629,5
DA:631,34
DA:632,34
DA:635,1
DA:636,0
DA:637,0
DA:641,1
DA:642,7
DA:643,7
DA:644,5
DA:647,2
DA:648,2
DA:649,2
DA:650,2
DA:651,2
DA:652,2
DA:653,2
DA:654,2
DA:655,0
DA:656,2
DA:657,0
DA:659,0
DA:663,2
DA:668,1
DA:669,7
DA:670,7
DA:671,7
DA:675,1
DA:676,48
DA:677,34
DA:678,0
DA:683,1
DA:684,18
DA:685,0
DA:687,18
DA:688,18
DA:692,1
DA:693,14
DA:694,14
DA:695,0
DA:699,1
DA:700,7
DA:703,43
DA:719,43
DA:721,43
DA:724,1
DA:725,1
DA:726,1
LF:394
LH:230
BRDA:38,1,0,0
BRDA:38,1,1,5
BRDA:38,2,0,5
BRDA:38,2,1,5
BRDA:92,3,0,42
BRDA:92,3,1,4
BRDA:92,4,0,46
BRDA:92,4,1,4
BRDA:96,5,0,4
BRDA:96,5,1,4
BRDA:110,6,0,0
BRDA:110,6,1,4
BRDA:112,7,0,0
BRDA:112,7,1,4
BRDA:114,8,0,0
BRDA:114,8,1,4
BRDA:117,9,0,0
BRDA:117,9,1,4
BRDA:125,10,0,1
BRDA:125,10,1,11
BRDA:136,11,0,0
BRDA:136,11,1,0
BRDA:136,12,0,0
BRDA:136,12,1,0
BRDA:139,13,0,0
BRDA:139,13,1,0
BRDA:147,14,0,0
BRDA:147,14,1,12
BRDA:154,15,0,7
BRDA:154,15,1,5
BRDA:166,16,0,7
BRDA:166,16,1,5
BRDA:175,17,0,12
BRDA:175,17,1,0
BRDA:179,18,0,12
BRDA:179,18,1,0
BRDA:179,19,0,12
BRDA:179,19,1,12
BRDA:179,19,2,0
BRDA:192,20,0,7
BRDA:192,20,1,0
BRDA:197,21,0,0
BRDA:197,21,1,0
BRDA:207,22,0,12
BRDA:207,22,1,0
BRDA:208,23,0,7
BRDA:208,23,1,5
BRDA:229,24,0,0
BRDA:229,24,1,7
BRDA:243,25,0,0
BRDA:243,25,1,7
BRDA:253,26,0,0
BRDA:253,26,1,7
BRDA:278,27,0,7
BRDA:278,27,1,0
BRDA:278,28,0,7
BRDA:278,28,1,7
BRDA:282,29,0,0
BRDA:282,29,1,7
BRDA:295,30,0,7
BRDA:295,30,1,0
BRDA:295,31,0,7
BRDA:295,31,1,4
BRDA:295,31,2,4
BRDA:295,31,3,4
BRDA:295,31,4,4
BRDA:301,32,0,7
BRDA:301,32,1,0
BRDA:303,33,0,0
BRDA:303,33,1,7
BRDA:308,34,0,0
BRDA:308,34,1,0
BRDA:308,35,0,0
BRDA:308,35,1,0
BRDA:308,35,2,0
BRDA:315,36,0,0
BRDA:315,36,1,7
BRDA:335,37,0,0
BRDA:335,37,1,0
BRDA:337,38,0,0
BRDA:337,38,1,0
BRDA:339,39,0,0
BRDA:339,39,1,0
BRDA:352,40,0,0
BRDA:352,40,1,0
BRDA:354,41,0,0
BRDA:354,41,1,0
BRDA:355,42,0,0
BRDA:355,42,1,0
BRDA:357,43,0,0
BRDA:357,43,1,0
BRDA:363,44,0,0
BRDA:363,44,1,0
BRDA:375,45,0,0
BRDA:375,45,1,0
BRDA:377,46,0,0
BRDA:377,46,1,0
BRDA:378,47,0,0
BRDA:378,47,1,0
BRDA:380,48,0,0
BRDA:380,48,1,0
BRDA:395,49,0,0
BRDA:395,49,1,0
BRDA:397,50,0,0
BRDA:397,50,1,0
BRDA:405,51,0,0
BRDA:405,51,1,0
BRDA:411,52,0,0
BRDA:411,52,1,0
BRDA:417,53,0,0
BRDA:417,53,1,0
BRDA:441,54,0,0
BRDA:441,54,1,13
BRDA:445,55,0,12
BRDA:445,55,1,1
BRDA:445,56,0,13
BRDA:445,56,1,1
BRDA:456,57,0,0
BRDA:456,57,1,1
BRDA:456,58,0,1
BRDA:456,58,1,0
BRDA:476,59,0,0
BRDA:476,59,1,0
BRDA:477,60,0,0
BRDA:477,60,1,0
BRDA:489,61,0,0
BRDA:489,61,1,0
BRDA:492,62,0,0
BRDA:492,62,1,0
BRDA:501,63,0,1
BRDA:501,63,1,0
BRDA:503,64,0,0
BRDA:503,64,1,1
BRDA:504,65,0,0
BRDA:504,65,1,0
BRDA:504,66,0,0
BRDA:504,66,1,0
BRDA:507,67,0,0
BRDA:507,67,1,0
BRDA:507,68,0,0
BRDA:507,68,1,0
BRDA:510,69,0,0
BRDA:510,69,1,0
BRDA:510,70,0,0
BRDA:510,70,1,0
BRDA:513,71,0,0
BRDA:513,71,1,0
BRDA:513,72,0,0
BRDA:513,72,1,0
BRDA:518,73,0,0
BRDA:518,73,1,0
BRDA:525,74,0,1
BRDA:525,74,1,0
BRDA:541,75,0,58
BRDA:541,75,1,19
BRDA:541,76,0,77
BRDA:541,76,1,66
BRDA:551,77,0,0
BRDA:551,77,1,0
BRDA:561,78,0,0
BRDA:561,78,1,14
BRDA:568,79,0,2
BRDA:568,79,1,12
BRDA:573,80,0,7
BRDA:573,80,1,7
BRDA:573,81,0,14
BRDA:573,81,1,7
BRDA:581,82,0,7
BRDA:581,82,1,7
BRDA:582,83,0,7
BRDA:582,83,1,0
BRDA:593,84,0,0
BRDA:593,84,1,0
BRDA:593,84,2,0
BRDA:593,84,3,0
BRDA:597,85,0,0
BRDA:597,85,1,12
BRDA:602,86,0,0
BRDA:602,86,1,0
BRDA:611,87,0,0
BRDA:611,87,1,0
BRDA:617,88,0,31
BRDA:617,88,1,3
BRDA:620,89,0,12
BRDA:620,89,1,0
BRDA:627,90,0,5
BRDA:627,90,1,29
BRDA:643,91,0,5
BRDA:643,91,1,2
BRDA:653,92,0,2
BRDA:653,92,1,0
BRDA:654,93,0,0
BRDA:654,93,1,2
BRDA:656,94,0,0
BRDA:656,94,1,0
BRDA:670,95,0,7
BRDA:670,95,1,0
BRDA:676,96,0,34
BRDA:676,96,1,14
BRDA:684,97,0,0
BRDA:684,97,1,18
BRDA:687,98,0,18
BRDA:687,98,1,0
BRDA:694,99,0,0
BRDA:694,99,1,14
BRDA:694,100,0,14
BRDA:694,100,1,2
BRF:207
BRH:87
end_of_record
TN:
SF:/home/acer/Documents/dash.js-master/src/streaming/text/EmbeddedTextHtmlRender.js
FN:38,_interopRequireDefault
FN:44,EmbeddedTextHtmlRender
FN:50,checkIndent
FN:63,getRegionProperties
FN:67,createRGB
FN:88,getStyle
FN:97,ltrim
FN:101,rtrim
FN:105,createHTMLCaptionsFromScreen
FNF:9
FNH:1
FNDA:1,_interopRequireDefault
FNDA:0,EmbeddedTextHtmlRender
FNDA:0,checkIndent
FNDA:0,getRegionProperties
FNDA:0,createRGB
FNDA:0,getStyle
FNDA:0,ltrim
FNDA:0,rtrim
FNDA:0,createHTMLCaptionsFromScreen
DA:33,1
DA:38,1
DA:40,1
DA:42,1
DA:44,1
DA:46,0
DA:47,0
DA:50,1
DA:51,0
DA:53,0
DA:54,0
DA:55,0
DA:58,0
DA:59,0
DA:60,0
DA:63,1
DA:64,0
DA:67,1
DA:68,0
DA:69,0
DA:70,0
DA:71,0
DA:72,0
DA:73,0
DA:74,0
DA:75,0
DA:76,0
DA:77,0
DA:78,0
DA:79,0
DA:80,0
DA:81,0
DA:82,0
DA:83,0
DA:85,0
DA:88,1
DA:89,0
DA:90,0
DA:91,0
DA:93,0
DA:97,1
DA:98,0
DA:101,1
DA:102,0
DA:105,1
DA:106,0
DA:107,0
DA:108,0
DA:109,0
DA:110,0
DA:111,0
DA:112,0
DA:113,0
DA:114,0
DA:115,0
DA:118,0
DA:119,0
DA:120,0
DA:121,0
DA:123,0
DA:127,0
DA:130,0
DA:131,0
DA:135,0
DA:136,0
DA:137,0
DA:138,0
DA:139,0
DA:140,0
DA:141,0
DA:142,0
DA:144,0
DA:145,0
DA:148,0
DA:151,0
DA:152,0
DA:153,0
DA:154,0
DA:155,0
DA:156,0
DA:157,0
DA:160,0
DA:161,0
DA:162,0
DA:164,0
DA:165,0
DA:168,0
DA:169,0
DA:172,0
DA:174,0
DA:177,0
DA:180,0
DA:181,0
DA:184,0
DA:185,0
DA:188,0
DA:189,0
DA:191,0
DA:192,0
DA:193,0
DA:194,0
DA:195,0
DA:196,0
DA:197,0
DA:198,0
DA:200,0
DA:201,0
DA:204,0
DA:209,0
DA:210,0
DA:211,0
DA:212,0
DA:213,0
DA:214,0
DA:215,0
DA:217,0
DA:218,0
DA:221,0
DA:224,0
DA:227,0
DA:228,0
DA:230,0
DA:231,0
DA:232,0
DA:233,0
DA:234,0
DA:236,0
DA:237,0
DA:238,0
DA:240,0
DA:241,0
DA:242,0
DA:244,0
DA:245,0
DA:246,0
DA:247,0
DA:248,0
DA:249,0
DA:250,0
DA:251,0
DA:252,0
DA:253,0
DA:255,0
DA:256,0
DA:257,0
DA:259,0
DA:260,0
DA:261,0
DA:262,0
DA:263,0
DA:266,0
DA:268,0
DA:270,0
DA:273,0
DA:277,0
DA:279,0
DA:281,0
DA:284,0
DA:287,0
DA:290,0
DA:295,0
DA:296,0
DA:298,0
DA:299,0
DA:300,0
DA:301,0
DA:305,0
DA:317,0
DA:320,0
DA:323,0
DA:326,1
DA:327,1
DA:328,1
LF:173
LH:15
BRDA:38,1,0,0
BRDA:38,1,1,1
BRDA:38,2,0,1
BRDA:38,2,1,1
BRDA:68,3,0,0
BRDA:68,3,1,0
BRDA:70,4,0,0
BRDA:70,4,1,0
BRDA:72,5,0,0
BRDA:72,5,1,0
BRDA:74,6,0,0
BRDA:74,6,1,0
BRDA:76,7,0,0
BRDA:76,7,1,0
BRDA:78,8,0,0
BRDA:78,8,1,0
BRDA:80,9,0,0
BRDA:80,9,1,0
BRDA:82,10,0,0
BRDA:82,10,1,0
BRDA:90,11,0,0
BRDA:90,11,1,0
BRDA:91,12,0,0
BRDA:91,12,1,0
BRDA:91,13,0,0
BRDA:91,13,1,0
BRDA:91,14,0,0
BRDA:91,14,1,0
BRDA:91,15,0,0
BRDA:91,15,1,0
BRDA:123,16,0,0
BRDA:123,16,1,0
BRDA:130,17,0,0
BRDA:130,17,1,0
BRDA:135,18,0,0
BRDA:135,18,1,0
BRDA:135,19,0,0
BRDA:135,19,1,0
BRDA:140,20,0,0
BRDA:140,20,1,0
BRDA:154,21,0,0
BRDA:154,21,1,0
BRDA:154,22,0,0
BRDA:154,22,1,0
BRDA:155,23,0,0
BRDA:155,23,1,0
BRDA:161,24,0,0
BRDA:161,24,1,0
BRDA:164,25,0,0
BRDA:164,25,1,0
BRDA:168,26,0,0
BRDA:168,26,1,0
BRDA:180,27,0,0
BRDA:180,27,1,0
BRDA:191,28,0,0
BRDA:191,28,1,0
BRDA:196,29,0,0
BRDA:196,29,1,0
BRDA:209,30,0,0
BRDA:209,30,1,0
BRDA:213,31,0,0
BRDA:213,31,1,0
BRDA:249,32,0,0
BRDA:249,32,1,0
BRDA:250,33,0,0
BRDA:250,33,1,0
BRDA:250,34,0,0
BRDA:250,34,1,0
BRDA:256,35,0,0
BRDA:256,35,1,0
BRDA:266,36,0,0
BRDA:266,36,1,0
BRDA:266,37,0,0
BRDA:266,37,1,0
BRDA:268,38,0,0
BRDA:268,38,1,0
BRDA:277,39,0,0
BRDA:277,39,1,0
BRDA:277,40,0,0
BRDA:277,40,1,0
BRDA:279,41,0,0
BRDA:279,41,1,0
BRDA:300,42,0,0
BRDA:300,42,1,0
BRF:84
BRH:4
end_of_record
TN:
SF:/home/acer/Documents/dash.js-master/src/core/errors/Errors.js
FN:38,get
FN:42,_interopRequireDefault
FN:46,_classCallCheck
FN:50,_inherits
FN:61,(anonymous_5)
FN:64,Errors
FNF:6
FNH:6
FNDA:1,get
FNDA:1,_interopRequireDefault
[...]
DA:173,0
DA:174,0
DA:175,0
DA:178,0
DA:179,0
DA:180,0
DA:182,0
DA:185,0
DA:186,0
DA:187,0
DA:188,0
DA:190,0
DA:192,0
DA:195,0
DA:196,0
DA:198,0
DA:199,0
DA:200,0
DA:202,0
DA:203,0
DA:204,0
DA:205,0
DA:206,0
DA:208,0
DA:209,0
DA:210,0
DA:211,0
DA:212,0
DA:214,0
DA:215,0
DA:216,0
DA:217,0
DA:218,0
DA:220,0
DA:221,0
DA:222,0
DA:223,0
DA:224,0
DA:226,0
DA:228,0
DA:231,0
DA:232,0
DA:235,0
DA:236,0
DA:239,0
DA:243,1
DA:246,1
DA:247,1
LF:85
LH:17
BRDA:43,1,0,5
BRDA:43,1,1,5
BRDA:43,2,0,5
BRDA:43,2,1,0
BRDA:43,3,0,0
BRDA:43,3,1,1
BRDA:43,4,0,1
BRDA:43,4,1,0
BRDA:47,5,0,0
BRDA:47,5,1,0
BRDA:69,6,0,0
BRDA:69,6,1,0
BRDA:69,7,0,0
BRDA:69,7,1,0
BRDA:69,7,2,0
BRDA:91,8,0,0
BRDA:91,8,1,0
BRDA:113,9,0,0
BRDA:113,9,1,1
BRDA:113,10,0,1
BRDA:113,10,1,0
BRDA:130,11,0,4
BRDA:130,11,1,1
BRDA:153,12,0,1
BRDA:153,12,1,0
BRDA:153,13,0,1
BRDA:153,13,1,1
BRDA:155,14,0,0
BRDA:155,14,1,0
BRDA:170,15,0,0
BRDA:170,15,1,0
BRDA:178,16,0,0
BRDA:178,16,1,0
BRDA:186,17,0,0
BRDA:186,17,1,0
BRDA:186,18,0,0
BRDA:186,18,1,0
BRDA:200,19,0,0
BRDA:200,19,1,0
BRDA:206,20,0,0
BRDA:206,20,1,0
BRDA:212,21,0,0
BRDA:212,21,1,0
BRDA:218,22,0,0
BRDA:218,22,1,0
BRDA:224,23,0,0
BRDA:224,23,1,0
BRF:47
BRH:17
end_of_record
TN:
SF:/home/acer/Documents/dash.js-master/src/streaming/protection/controllers/ProtectionController.js
FN:39,_interopRequireDefault
FN:82,ProtectionController
FN:103,setup
FN:111,checkConfig
FN:129,initializeForMedia
FN:168,getSupportedKeySystemsFromContentProtection
FN:188,createKeySession
FN:230,loadKeySession
FN:248,removeKeySession
FN:264,closeKeySession
FN:280,setServerCertificate
FN:295,setMediaElement
FN:314,setSessionType
FN:326,setRobustnessLevel
FN:340,setProtectionData
FN:351,stop
FN:367,reset
FN:382,(anonymous_18)
FN:394,getProtData
FN:406,getKeySystemConfiguration
FN:416,(anonymous_21)
FN:427,getSessionType
FN:433,selectKeySystem
FN:438,(anonymous_24)
FN:449,(anonymous_25)
FN:458,onKeySystemAccessComplete
FN:497,(anonymous_27)
FN:511,onKeySystemAccessComplete
FN:529,onKeySystemSelected
FN:586,sendLicenseRequestCompleteEvent
FN:590,onKeyStatusChanged
FN:598,onKeyMessage
FN:673,updateHeaders
FN:693,reportError
FN:698,onLoad
FN:716,onAbort
FN:720,onError
FN:734,doLicenseRequest
FN:747,retryRequest
FN:750,(anonymous_40)
FN:755,(anonymous_41)
FN:764,(anonymous_42)
FN:773,(anonymous_43)
FN:780,onNeedKey
FN:792,(anonymous_45)
FN:833,getKeySystems
FN:837,setKeySystems
FNF:47
FNH:23
FNDA:5,_interopRequireDefault
FNDA:14,ProtectionController
FNDA:14,setup
FNDA:31,checkConfig
FNDA:4,initializeForMedia
FNDA:2,getSupportedKeySystemsFromContentProtection
FNDA:1,createKeySession
FNDA:1,loadKeySession
FNDA:1,removeKeySession
FNDA:1,closeKeySession
FNDA:2,setServerCertificate
FNDA:7,setMediaElement
FNDA:0,setSessionType
FNDA:0,setRobustnessLevel
FNDA:0,setProtectionData
FNDA:0,stop
FNDA:14,reset
FNDA:0,(anonymous_18)
FNDA:6,getProtData
FNDA:2,getKeySystemConfiguration
FNDA:2,(anonymous_21)
FNDA:2,getSessionType
FNDA:2,selectKeySystem
FNDA:0,(anonymous_24)
FNDA:0,(anonymous_25)
FNDA:0,onKeySystemAccessComplete
FNDA:2,(anonymous_27)
FNDA:0,onKeySystemAccessComplete
FNDA:0,onKeySystemSelected
FNDA:1,sendLicenseRequestCompleteEvent
FNDA:0,onKeyStatusChanged
FNDA:1,onKeyMessage
FNDA:0,updateHeaders
FNDA:0,reportError
FNDA:0,onLoad
FNDA:0,onAbort
FNDA:0,onError
FNDA:0,doLicenseRequest
FNDA:0,retryRequest
FNDA:0,(anonymous_40)
FNDA:0,(anonymous_41)
FNDA:0,(anonymous_42)
FNDA:0,(anonymous_43)
FNDA:1,onNeedKey
FNDA:0,(anonymous_45)
FNDA:1,getKeySystems
FNDA:0,setKeySystems
DA:34,1
DA:39,5
DA:41,1
DA:43,1
DA:45,1
DA:47,1
DA:49,1
DA:51,1
DA:53,1
DA:55,1
DA:57,1
DA:59,1
DA:61,1
DA:62,1
DA:64,1
DA:65,1
DA:66,1
DA:82,1
DA:84,14
DA:85,14
DA:86,14
DA:87,14
DA:88,14
DA:89,14
DA:90,14
DA:91,14
DA:92,14
DA:94,14
DA:103,1
DA:104,14
DA:105,14
DA:106,14
DA:107,14
DA:108,14
DA:111,1
DA:112,31
DA:113,16
DA:129,1
DA:134,4
DA:135,1
DA:138,3
DA:140,2
DA:141,2
DA:143,2
DA:147,2
DA:148,2
DA:149,2
DA:168,1
DA:169,2
DA:170,1
DA:188,1
DA:189,1
DA:190,1
DA:191,1
DA:194,0
DA:195,0
DA:196,0
DA:197,0
DA:198,0
DA:201,0
DA:202,0
DA:204,0
DA:209,1
DA:210,0
DA:212,1
DA:230,1
DA:231,1
DA:232,0
DA:248,1
DA:249,1
DA:250,0
DA:264,1
DA:265,1
DA:266,0
DA:280,1
DA:281,2
DA:282,1
DA:295,1
DA:296,7
DA:297,6
DA:298,1
DA:299,1
DA:300,5
DA:301,5
DA:302,5
DA:314,1
DA:315,0
DA:326,1
DA:327,0
DA:340,1
DA:341,0
DA:342,0
DA:351,1
DA:352,0
DA:353,0
DA:367,1
DA:368,14
DA:370,5
DA:371,5
DA:373,5
DA:375,5
DA:377,5
DA:378,5
DA:379,5
DA:382,5
DA:383,0
DA:385,5
DA:387,5
DA:394,1
DA:395,6
DA:396,6
DA:397,0
DA:399,0
DA:400,0
DA:403,6
DA:406,1
DA:407,2
DA:408,2
DA:409,2
DA:410,2
DA:411,2
DA:412,2
DA:413,2
DA:414,2
DA:416,2
DA:417,2
DA:418,0
DA:419,2
DA:420,0
DA:424,2
DA:427,1
DA:428,2
DA:429,2
DA:430,2
DA:433,1
DA:434,2
DA:435,2
DA:438,2
DA:439,0
DA:440,0
DA:441,0
DA:444,2
DA:445,2
DA:447,0
DA:448,0
DA:449,0
DA:451,0
DA:458,0
DA:459,0
DA:460,0
DA:461,0
DA:462,0
DA:465,0
DA:466,0
DA:467,0
DA:468,0
DA:471,0
DA:472,0
DA:473,0
DA:476,0
DA:478,0
DA:479,0
DA:481,0
DA:485,0
DA:486,0
DA:487,0
DA:491,1
DA:494,2
DA:495,2
DA:497,2
DA:499,2
DA:500,2
DA:503,2
DA:504,2
DA:510,2
DA:511,2
DA:512,0
DA:513,0
DA:514,0
DA:515,0
DA:516,0
DA:517,0
DA:523,0
DA:524,0
DA:525,0
DA:529,2
DA:530,0
DA:531,0
DA:532,0
DA:533,0
DA:534,0
DA:536,0
DA:537,0
DA:539,0
DA:540,0
DA:541,0
DA:543,0
DA:544,0
DA:545,0
DA:546,0
DA:549,0
DA:550,0
DA:551,0
DA:554,0
DA:556,0
DA:557,0
DA:559,0
DA:561,0
DA:566,0
DA:567,0
DA:568,0
DA:576,2
DA:577,2
DA:578,2
DA:582,0
DA:586,1
DA:587,1
DA:590,1
DA:591,0
DA:592,0
DA:594,0
DA:598,1
DA:599,1
DA:602,1
DA:603,1
DA:604,1
DA:605,1
DA:606,1
DA:607,1
DA:608,1
DA:609,1
DA:610,1
DA:613,1
DA:614,1
DA:615,1
DA:619,0
DA:620,0
DA:621,0
DA:622,0
DA:626,0
DA:627,0
DA:628,0
DA:629,0
DA:630,0
DA:631,0
DA:632,0
DA:638,0
DA:639,0
DA:640,0
DA:641,0
DA:642,0
DA:643,0
DA:644,0
DA:646,0
DA:648,0
DA:651,0
DA:652,0
DA:654,0
DA:655,0
DA:656,0
DA:657,0
DA:662,0
DA:665,0
DA:666,0
DA:667,0
DA:671,0
DA:672,0
DA:673,0
DA:674,0
DA:675,0
DA:676,0
DA:677,0
DA:679,0
DA:683,0
DA:684,0
DA:686,0
DA:689,0
DA:690,0
DA:693,0
DA:694,0
DA:695,0
DA:698,0
DA:699,0
DA:700,0
DA:703,0
DA:704,0
DA:705,0
DA:706,0
DA:707,0
DA:709,0
DA:712,0
DA:716,0
DA:717,0
DA:720,0
DA:721,0
DA:725,0
DA:726,0
DA:727,0
DA:728,0
DA:730,0
DA:734,1
DA:735,0
DA:737,0
DA:738,0
DA:739,0
DA:740,0
DA:741,0
DA:743,0
DA:744,0
DA:747,0
DA:749,0
DA:750,0
DA:751,0
DA:755,0
DA:756,0
DA:757,0
DA:759,0
DA:760,0
DA:764,0
DA:765,0
DA:766,0
DA:768,0
DA:769,0
DA:773,0
DA:774,0
DA:777,0
DA:780,1
DA:781,1
DA:783,1
DA:784,0
DA:785,0
DA:788,1
DA:789,0
DA:790,0
DA:791,0
DA:792,0
DA:793,0
DA:795,0
DA:801,1
DA:802,1
DA:803,0
DA:807,1
DA:808,0
DA:809,0
DA:812,0
DA:813,0
DA:814,0
DA:815,0
DA:816,0
DA:822,1
DA:824,1
DA:825,1
DA:826,1
DA:827,1
DA:830,0
DA:833,1
DA:834,1
DA:837,1
DA:838,0
DA:839,0
DA:843,14
DA:861,14
DA:862,14
DA:865,1
DA:866,1
DA:868,1
LF:366
LH:169
BRDA:39,1,0,0
BRDA:39,1,1,5
BRDA:39,2,0,5
BRDA:39,2,1,5
BRDA:84,3,0,14
BRDA:84,3,1,0
BRDA:112,4,0,16
BRDA:112,4,1,15
BRDA:112,5,0,31
BRDA:112,5,1,15
BRDA:112,5,2,15
BRDA:112,5,3,15
BRDA:134,6,0,1
BRDA:134,6,1,3
BRDA:148,7,0,2
BRDA:148,7,1,0
BRDA:148,8,0,2
BRDA:148,8,1,2
BRDA:191,9,0,0
BRDA:191,9,1,1
BRDA:196,10,0,0
BRDA:196,10,1,0
BRDA:209,11,0,0
BRDA:209,11,1,1
BRDA:214,12,0,0
BRDA:214,12,1,1
BRDA:297,13,0,1
BRDA:297,13,1,5
BRDA:300,14,0,5
BRDA:300,14,1,0
BRDA:352,15,0,0
BRDA:352,15,1,0
BRDA:377,16,0,5
BRDA:377,16,1,0
BRDA:396,17,0,0
BRDA:396,17,1,6
BRDA:399,18,0,0
BRDA:399,18,1,0
BRDA:400,19,0,0
BRDA:400,19,1,0
BRDA:410,20,0,0
BRDA:410,20,1,2
BRDA:410,21,0,2
BRDA:410,21,1,0
BRDA:410,21,2,0
BRDA:411,22,0,0
BRDA:411,22,1,2
BRDA:411,23,0,2
BRDA:411,23,1,0
BRDA:411,23,2,0
BRDA:413,24,0,0
BRDA:413,24,1,2
BRDA:413,25,0,2
BRDA:413,25,1,0
BRDA:414,26,0,0
BRDA:414,26,1,2
BRDA:414,27,0,2
BRDA:414,27,1,0
BRDA:414,28,0,2
BRDA:414,28,1,0
BRDA:417,29,0,0
BRDA:417,29,1,2
BRDA:419,30,0,0
BRDA:419,30,1,2
BRDA:429,31,0,0
BRDA:429,31,1,2
BRDA:429,32,0,2
BRDA:429,32,1,0
BRDA:439,33,0,0
BRDA:439,33,1,0
BRDA:439,34,0,0
BRDA:439,34,1,0
BRDA:439,34,2,0
BRDA:440,35,0,0
BRDA:440,35,1,0
BRDA:440,36,0,0
BRDA:440,36,1,0
BRDA:440,36,2,0
BRDA:445,37,0,0
BRDA:445,37,1,2
BRDA:448,38,0,0
BRDA:448,38,1,0
BRDA:460,39,0,0
BRDA:460,39,1,0
BRDA:461,40,0,0
BRDA:461,40,1,0
BRDA:468,41,0,0
BRDA:468,41,1,0
BRDA:471,42,0,0
BRDA:471,42,1,0
BRDA:471,43,0,0
BRDA:471,43,1,0
BRDA:476,44,0,0
BRDA:476,44,1,0
BRDA:479,45,0,0
BRDA:479,45,1,0
BRDA:491,46,0,0
BRDA:491,46,1,0
BRDA:494,47,0,2
BRDA:494,47,1,0
BRDA:513,48,0,0
BRDA:513,48,1,0
BRDA:516,49,0,0
BRDA:516,49,1,0
BRDA:532,50,0,0
BRDA:532,50,1,0
BRDA:533,51,0,0
BRDA:533,51,1,0
BRDA:540,52,0,0
BRDA:540,52,1,0
BRDA:540,53,0,0
BRDA:540,53,1,0
BRDA:540,53,2,0
BRDA:545,54,0,0
BRDA:545,54,1,0
BRDA:546,55,0,0
BRDA:546,55,1,0
BRDA:549,56,0,0
BRDA:549,56,1,0
BRDA:549,57,0,0
BRDA:549,57,1,0
BRDA:554,58,0,0
BRDA:554,58,1,0
BRDA:557,59,0,0
BRDA:557,59,1,0
BRDA:567,60,0,0
BRDA:567,60,1,0
BRDA:591,61,0,0
BRDA:591,61,1,0
BRDA:604,62,0,0
BRDA:604,62,1,1
BRDA:608,63,0,0
BRDA:608,63,1,1
BRDA:613,64,0,1
BRDA:613,64,1,0
BRDA:613,65,0,1
BRDA:613,65,1,0
BRDA:619,66,0,0
BRDA:619,66,1,0
BRDA:626,67,0,0
BRDA:626,67,1,0
BRDA:628,68,0,0
BRDA:628,68,1,0
BRDA:639,69,0,0
BRDA:639,69,1,0
BRDA:639,70,0,0
BRDA:639,70,1,0
BRDA:641,71,0,0
BRDA:641,71,1,0
BRDA:641,72,0,0
BRDA:641,72,1,0
BRDA:643,73,0,0
BRDA:643,73,1,0
BRDA:643,74,0,0
BRDA:643,74,1,0
BRDA:646,75,0,0
BRDA:646,75,1,0
BRDA:646,76,0,0
BRDA:646,76,1,0
BRDA:646,76,2,0
BRDA:651,77,0,0
BRDA:651,77,1,0
BRDA:656,78,0,0
BRDA:656,78,1,0
BRDA:665,79,0,0
BRDA:665,79,1,0
BRDA:674,80,0,0
BRDA:674,80,1,0
BRDA:676,81,0,0
BRDA:676,81,1,0
BRDA:683,82,0,0
BRDA:683,82,1,0
BRDA:689,83,0,0
BRDA:689,83,1,0
BRDA:689,84,0,0
BRDA:689,84,1,0
BRDA:694,85,0,0
BRDA:694,85,1,0
BRDA:699,86,0,0
BRDA:699,86,1,0
BRDA:703,87,0,0
BRDA:703,87,1,0
BRDA:705,88,0,0
BRDA:705,88,1,0
BRDA:728,89,0,0
BRDA:728,89,1,0
BRDA:728,90,0,0
BRDA:728,90,1,0
BRDA:740,91,0,0
BRDA:740,91,1,0
BRDA:756,92,0,0
BRDA:756,92,1,0
BRDA:756,93,0,0
BRDA:756,93,1,0
BRDA:765,94,0,0
BRDA:765,94,1,0
BRDA:783,95,0,0
BRDA:783,95,1,1
BRDA:788,96,0,0
BRDA:788,96,1,1
BRDA:790,97,0,0
BRDA:790,97,1,0
BRDA:791,98,0,0
BRDA:791,98,1,0
BRDA:802,99,0,0
BRDA:802,99,1,1
BRDA:807,100,0,0
BRDA:807,100,1,1
BRDA:809,101,0,0
BRDA:809,101,1,0
BRDA:814,102,0,0
BRDA:814,102,1,0
BRDA:825,103,0,1
BRDA:825,103,1,0
BRDA:834,104,0,0
BRDA:834,104,1,1
BRDA:838,105,0,0
BRDA:838,105,1,0
BRF:218
BRH:51
end_of_record
TN:
SF:/home/acer/Documents/dash.js-master/src/streaming/protection/vo/MediaCapability.js
FN:42,_classCallCheck
FN:51,MediaCapability
FNF:2
FNH:1
FNDA:0,_classCallCheck
FNDA:0,MediaCapability
DA:37,1
DA:42,1
DA:44,1
DA:52,0
DA:54,0
DA:55,0
DA:58,1
DA:59,1
LF:8
LH:5
BRDA:42,1,0,0
BRDA:42,1,1,0
BRF:2
BRH:2
end_of_record
TN:
SF:/home/acer/Documents/dash.js-master/src/streaming/protection/vo/KeySystemConfiguration.js
FN:44,_classCallCheck
FN:62,KeySystemConfiguration
FNF:2
FNH:2
FNDA:2,_classCallCheck
FNDA:2,KeySystemConfiguration
DA:39,1
DA:44,2
DA:46,1
DA:63,2
DA:65,2
DA:66,2
DA:67,0
DA:69,2
DA:70,0
DA:72,2
DA:73,2
DA:74,2
DA:77,1
DA:78,1
LF:14
LH:12
BRDA:44,1,0,0
BRDA:44,1,1,2
BRDA:66,2,0,0
BRDA:66,2,1,2
BRDA:66,3,0,2
BRDA:66,3,1,2
BRDA:69,4,0,0
BRDA:69,4,1,2
BRDA:69,5,0,2
BRDA:69,5,1,2
BRF:10
BRH:8
end_of_record
TN:
SF:/home/acer/Documents/dash.js-master/src/streaming/protection/drm/KeySystemPlayReady.js
FN:45,_interopRequireDefault
FN:61,KeySystemPlayReady
FN:68,checkConfig
FN:74,getRequestHeadersFromMessage
FN:104,getLicenseRequestFromMessage
FN:128,getLicenseServerURLFromInitData
FN:171,getInitData
FN:243,setPlayReadyMessageFormat
FN:254,init
FN:263,getCDMData
FN:299,getSessionId
FNF:11
FNH:11
FNDA:2,_interopRequireDefault
FNDA:13,KeySystemPlayReady
FNDA:7,checkConfig
FNDA:1,getRequestHeadersFromMessage
FNDA:2,getLicenseRequestFromMessage
FNDA:1,getLicenseServerURLFromInitData
FNDA:2,getInitData
FNDA:2,setPlayReadyMessageFormat
FNDA:1,init
FNDA:3,getCDMData
FNDA:1,getSessionId
DA:40,1
DA:45,2
DA:47,1
DA:49,1
DA:51,1
DA:53,1
DA:55,1
DA:56,1
DA:57,1
DA:58,1
DA:59,1
DA:61,1
DA:63,13
DA:64,13
DA:65,13
DA:66,13
DA:68,1
DA:69,7
DA:70,3
DA:74,1
DA:75,1
DA:77,1
DA:78,1
DA:79,1
DA:81,1
DA:82,1
DA:84,1
DA:85,1
DA:86,1
DA:87,0
DA:92,1
DA:93,0
DA:94,0
DA:98,1
DA:99,1
DA:101,1
DA:104,1
DA:105,2
DA:106,2
DA:107,2
DA:109,2
DA:110,1
DA:111,1
DA:113,1
DA:114,0
DA:115,0
DA:116,0
DA:122,1
DA:125,0
DA:128,1
DA:129,1
DA:130,0
DA:131,0
DA:132,0
DA:133,0
DA:135,0
DA:137,0
DA:138,0
DA:139,0
DA:140,0
DA:141,0
DA:142,0
DA:143,0
DA:146,0
DA:147,0
DA:148,0
DA:151,0
DA:152,0
DA:153,0
DA:154,0
DA:159,0
DA:160,0
DA:161,0
DA:162,0
DA:168,1
DA:171,1
DA:180,2
DA:181,2
DA:183,2
DA:184,2
DA:186,2
DA:192,2
DA:193,1
DA:194,1
DA:197,0
DA:198,0
DA:201,0
DA:202,0
DA:203,0
DA:204,0
DA:206,0
DA:209,0
DA:210,0
DA:212,0
DA:214,0
DA:215,0
DA:217,0
DA:218,0
DA:220,0
DA:221,0
DA:223,0
DA:224,0
DA:226,0
DA:227,0
DA:229,0
DA:230,0
DA:232,0
DA:243,1
DA:244,2
DA:245,1
DA:247,1
DA:254,1
DA:255,1
DA:256,1
DA:263,1
DA:264,3
DA:269,3
DA:270,2
DA:272,1
DA:273,1
DA:274,192
DA:275,192
DA:277,1
DA:280,1
DA:284,1
DA:287,1
DA:288,1
DA:289,698
DA:290,698
DA:293,1
DA:296,1
DA:299,1
DA:301,1
DA:302,0
DA:303,1
DA:304,0
DA:306,1
DA:309,13
DA:323,13
DA:326,1
DA:327,1
DA:329,1
LF:142
LH:87
BRDA:45,1,0,0
BRDA:45,1,1,2
BRDA:45,2,0,2
BRDA:45,2,1,2
BRDA:63,3,0,13
BRDA:63,3,1,4
BRDA:69,4,0,3
BRDA:69,4,1,4
BRDA:69,5,0,7
BRDA:69,5,1,4
BRDA:69,5,2,4
BRDA:79,6,0,1
BRDA:79,6,1,0
BRDA:92,7,0,0
BRDA:92,7,1,1
BRDA:98,8,0,1
BRDA:98,8,1,0
BRDA:107,9,0,2
BRDA:107,9,1,0
BRDA:113,10,0,0
BRDA:113,10,1,1
BRDA:115,11,0,0
BRDA:115,11,1,0
BRDA:129,12,0,0
BRDA:129,12,1,1
BRDA:141,13,0,0
BRDA:141,13,1,0
BRDA:151,14,0,0
BRDA:151,14,1,0
BRDA:153,15,0,0
BRDA:153,15,1,0
BRDA:159,16,0,0
BRDA:159,16,1,0
BRDA:161,17,0,0
BRDA:161,17,1,0
BRDA:193,18,0,1
BRDA:193,18,1,0
BRDA:197,19,0,0
BRDA:197,19,1,0
BRDA:201,20,0,0
BRDA:201,20,1,0
BRDA:203,21,0,0
BRDA:203,21,1,0
BRDA:244,22,0,1
BRDA:244,22,1,1
BRDA:244,23,0,2
BRDA:244,23,1,1
BRDA:255,24,0,1
BRDA:255,24,1,0
BRDA:270,25,0,1
BRDA:270,25,1,1
BRDA:270,26,0,2
BRDA:270,26,1,1
BRDA:301,27,0,0
BRDA:301,27,1,1
BRDA:301,28,0,1
BRDA:301,28,1,0
BRDA:303,29,0,0
BRDA:303,29,1,1
BRDA:303,30,0,1
BRDA:303,30,1,0
BRF:61
BRH:31
end_of_record
TN:
SF:/home/acer/Documents/dash.js-master/src/streaming/constants/ProtectionConstants.js
FN:44,(anonymous_1)
FN:44,defineProperties
FN:44,(anonymous_3)
FN:48,_classCallCheck
FN:50,(anonymous_5)
FN:53,init
FN:60,ProtectionConstants
FNF:7
FNH:7
FNDA:1,(anonymous_1)
FNDA:1,defineProperties
FNDA:1,(anonymous_3)
FNDA:1,_classCallCheck
FNDA:1,(anonymous_5)
FNDA:1,init
FNDA:1,ProtectionConstants
DA:39,1
DA:44,1
DA:48,1
DA:50,1
DA:51,1
DA:54,1
DA:55,1
DA:56,1
DA:60,1
DA:61,1
DA:63,1
DA:66,1
DA:69,1
DA:70,1
DA:71,1
LF:15
LH:15
BRDA:44,1,0,1
BRDA:44,1,1,1
BRDA:44,2,0,1
BRDA:44,2,1,0
BRDA:44,3,0,1
BRDA:44,3,1,0
BRDA:44,4,0,0
BRDA:44,4,1,1
BRDA:48,5,0,0
BRDA:48,5,1,1
BRF:10
BRH:10
end_of_record
TN:
SF:/home/acer/Documents/dash.js-master/src/streaming/protection/drm/KeySystemW3CClearKey.js
FN:39,_interopRequireDefault
FN:61,KeySystemW3CClearKey
FN:75,getClearKeysFromProtectionData
FN:98,getInitData
FN:102,getRequestHeadersFromMessage
FN:106,getLicenseRequestFromMessage
FN:110,getLicenseServerURLFromInitData
FN:114,getCDMData
FN:118,getSessionId
FNF:9
FNH:4
FNDA:4,_interopRequireDefault
FNDA:3,KeySystemW3CClearKey
FNDA:2,getClearKeysFromProtectionData
FNDA:0,getInitData
FNDA:0,getRequestHeadersFromMessage
FNDA:0,getLicenseRequestFromMessage
FNDA:0,getLicenseServerURLFromInitData
FNDA:1,getCDMData
FNDA:0,getSessionId
DA:34,1
DA:39,4
DA:41,1
DA:43,1
DA:45,1
DA:47,1
DA:49,1
DA:51,1
DA:53,1
DA:55,1
DA:57,1
DA:58,1
DA:59,1
DA:61,1
DA:62,3
DA:63,3
DA:64,3
DA:75,1
DA:76,2
DA:77,2
DA:80,2
DA:81,2
DA:82,2
DA:83,2
DA:84,2
DA:85,2
DA:86,0
DA:89,2
DA:91,2
DA:93,2
DA:95,2
DA:98,1
DA:99,0
DA:102,1
DA:103,0
DA:106,1
DA:107,0
DA:110,1
DA:111,0
DA:114,1
DA:115,1
DA:118,1
DA:119,0
DA:122,3
DA:135,3
DA:138,1
DA:139,1
DA:141,1
LF:48
LH:42
BRDA:39,1,0,0
BRDA:39,1,1,4
BRDA:39,2,0,4
BRDA:39,2,1,4
BRDA:77,3,0,2
BRDA:77,3,1,0
BRDA:84,4,0,2
BRDA:84,4,1,0
BRDA:84,5,0,2
BRDA:84,5,1,2
BRDA:85,6,0,0
BRDA:85,6,1,2
BRF:12
BRH:9
end_of_record
TN:
SF:/home/acer/Documents/dash.js-master/src/streaming/protection/vo/KeyPair.js
FN:42,_classCallCheck
FN:51,KeyPair
FNF:2
FNH:2
FNDA:2,_classCallCheck
FNDA:2,KeyPair
DA:37,1
DA:42,2
DA:44,1
DA:52,2
DA:54,2
DA:55,2
DA:58,1
DA:59,1
LF:8
LH:8
BRDA:42,1,0,0
BRDA:42,1,1,2
BRF:2
BRH:2
end_of_record
TN:
SF:/home/acer/Documents/dash.js-master/src/streaming/protection/vo/ClearKeyKeySet.js
FN:44,(anonymous_1)
FN:44,defineProperties
FN:44,(anonymous_3)
FN:48,_classCallCheck
FN:50,(anonymous_5)
FN:59,ClearKeyKeySet
FN:75,toJWK
FNF:7
FNH:6
FNDA:1,(anonymous_1)
FNDA:1,defineProperties
FNDA:1,(anonymous_3)
FNDA:2,_classCallCheck
FNDA:1,(anonymous_5)
FNDA:2,ClearKeyKeySet
FNDA:0,toJWK
DA:39,1
DA:44,1
DA:48,2
DA:50,1
DA:59,1
DA:60,2
DA:62,2
DA:63,2
DA:64,2
DA:73,1
DA:76,0
DA:77,0
DA:78,0
DA:80,0
DA:81,0
DA:87,0
DA:89,0
DA:90,0
DA:92,0
DA:93,0
DA:96,0
DA:97,0
DA:98,0
DA:99,0
DA:103,1
DA:106,1
DA:107,1
LF:27
LH:13
BRDA:44,1,0,1
BRDA:44,1,1,1
BRDA:44,2,0,1
BRDA:44,2,1,0
BRDA:44,3,0,1
BRDA:44,3,1,0
BRDA:44,4,0,0
BRDA:44,4,1,1
BRDA:48,5,0,0
BRDA:48,5,1,2
BRDA:62,6,0,0
BRDA:62,6,1,2
BRDA:62,7,0,2
BRDA:62,7,1,0
BRDA:62,7,2,0
BRDA:89,8,0,0
BRDA:89,8,1,0
BRF:17
BRH:12
end_of_record
TN:
SF:/home/acer/Documents/dash.js-master/src/streaming/protection/servers/DRMToday.js
FN:46,_interopRequireDefault
FN:52,DRMToday
FN:60,getLicenseMessage
FN:63,getErrorResponse
FN:69,getLicenseMessage
FN:72,getErrorResponse
FN:79,checkConfig
FN:85,getServerURLFromMessage
FN:89,getHTTPMethod
FN:93,getResponseType
FN:97,getLicenseMessage
FN:102,getErrorResponse
FNF:12
FNH:4
FNDA:1,_interopRequireDefault
FNDA:1,DRMToday
FNDA:0,getLicenseMessage
FNDA:0,getErrorResponse
FNDA:0,getLicenseMessage
FNDA:0,getErrorResponse
FNDA:2,checkConfig
FNDA:0,getServerURLFromMessage
FNDA:0,getHTTPMethod
FNDA:0,getResponseType
FNDA:2,getLicenseMessage
FNDA:0,getErrorResponse
DA:41,1
DA:46,1
DA:48,1
DA:50,1
DA:52,1
DA:54,1
DA:55,1
DA:57,1
DA:58,1
DA:61,0
DA:64,0
DA:67,1
DA:70,0
DA:73,0
DA:77,1
DA:79,1
DA:80,2
DA:81,2
DA:85,1
DA:86,0
DA:89,1
DA:90,0
DA:93,1
DA:94,0
DA:97,1
DA:98,2
DA:99,0
DA:102,1
DA:103,0
DA:106,1
DA:114,1
DA:117,1
DA:118,1
DA:120,1
LF:34
LH:25
BRDA:46,1,0,0
BRDA:46,1,1,1
BRDA:46,2,0,1
BRDA:46,2,1,1
BRDA:54,3,0,1
BRDA:54,3,1,1
BRDA:80,4,0,2
BRDA:80,4,1,0
BRDA:80,5,0,2
BRDA:80,5,1,0
BRF:10
BRH:8
end_of_record
TN:
SF:/home/acer/Documents/dash.js-master/src/streaming/protection/servers/PlayReady.js
FN:49,PlayReady
FN:55,uintToString
FN:61,parseServerResponse
FN:77,parseErrorResponse
FN:121,getServerURLFromMessage
FN:125,getHTTPMethod
FN:129,getResponseType
FN:133,getLicenseMessage
FN:137,getErrorResponse
FNF:9
FNH:6
FNDA:1,PlayReady
FNDA:3,uintToString
FNDA:2,parseServerResponse
FNDA:1,parseErrorResponse
FNDA:0,getServerURLFromMessage
FNDA:0,getHTTPMethod
FNDA:0,getResponseType
FNDA:2,getLicenseMessage
FNDA:1,getErrorResponse
DA:46,1
DA:49,1
DA:51,1
DA:53,1
DA:55,1
DA:56,3
DA:57,3
DA:58,3
DA:61,1
DA:62,2
DA:63,2
DA:64,2
DA:65,2
DA:66,2
DA:67,2
DA:68,2
DA:70,2
DA:71,0
DA:74,2
DA:77,1
DA:78,1
DA:79,1
DA:80,1
DA:81,1
DA:82,1
DA:84,1
DA:85,1
DA:86,1
DA:87,1
DA:88,1
DA:89,1
DA:90,1
DA:91,1
DA:92,1
DA:93,1
DA:95,1
DA:96,0
DA:99,1
DA:100,1
DA:102,1
DA:103,1
DA:104,1
DA:105,1
DA:106,1
DA:107,1
DA:108,1
DA:109,1
DA:113,1
DA:114,1
DA:115,1
DA:118,1
DA:121,1
DA:122,0
DA:125,1
DA:126,0
DA:129,1
DA:130,0
DA:133,1
DA:134,2
DA:137,1
DA:138,1
DA:141,1
DA:149,1
DA:152,1
DA:153,1
DA:155,1
LF:66
LH:61
BRDA:62,1,0,2
BRDA:62,1,1,0
BRDA:66,2,0,2
BRDA:66,2,1,0
BRDA:67,3,0,1
BRDA:67,3,1,1
BRDA:68,4,0,1
BRDA:68,4,1,1
BRDA:70,5,0,0
BRDA:70,5,1,2
BRDA:84,6,0,1
BRDA:84,6,1,0
BRDA:88,7,0,1
BRDA:88,7,1,0
BRDA:89,8,0,1
BRDA:89,8,1,0
BRDA:90,9,0,1
BRDA:90,9,1,0
BRDA:91,10,0,1
BRDA:91,10,1,0
BRDA:92,11,0,1
BRDA:92,11,1,0
BRDA:95,12,0,0
BRDA:95,12,1,1
BRDA:100,13,0,1
BRDA:100,13,1,0
BRDA:102,14,0,1
BRDA:102,14,1,0
BRDA:104,15,0,1
BRDA:104,15,1,0
BRDA:106,16,0,1
BRDA:106,16,1,0
BRDA:107,17,0,1
BRDA:107,17,1,0
BRDA:108,18,0,1
BRDA:108,18,1,0
BRDA:109,19,0,1
BRDA:109,19,1,0
BRDA:114,20,0,1
BRDA:114,20,1,0
BRF:40
BRH:22
end_of_record
